Numero du dept : 11
1 Ajaccio-1 14226 MultiPolygon
2 Ajaccio-2 14033 Polygon
3 Ajaccio-3 16253 Polygon
4 Ajaccio-4 13723 Polygon
5 Ajaccio-5 14952 Polygon
6 Bavella 13428 Polygon
7 Grand Sud 11772 MultiPolygon
8 Gravona-Prunelli 14432 Polygon
9 Sartenais-Valinco 11265 Polygon
10 Sevi-Sorru-Cinarca 7511 MultiPolygon
11 Taravo-Ornano 13834 Polygon

8.62317 41.97046 8.62303 41.965658 1 5
8.62303 41.965658 8.628423 41.964358 1 5
8.628423 41.964358 8.63028 41.962395 1 5
8.63028 41.962395 8.636773 41.963611 1 5
8.636773 41.963611 8.647857 41.962577 1 5
8.647857 41.962577 8.650344 41.958181 1 5
8.650344 41.958181 8.652852 41.958346 1 5
8.652852 41.958346 8.66547 41.955153 1 5
8.66547 41.955153 8.669492 41.947156 1 5
8.669492 41.947156 8.679322 41.946046 1 5
8.679322 41.946046 8.678496 41.939439 1 2
8.678496 41.939439 8.667352 41.938332 1 2
8.667352 41.938332 8.665506 41.922021 1 2
8.665506 41.922021 8.686336 41.921827 1 2
8.686336 41.921827 8.685505 41.913211 1 2
8.685505 41.913211 8.714576 41.913516 1 2
8.714576 41.913516 8.718487 41.911498 1 2
8.718487 41.911498 8.718857 41.916355 1 2
8.718857 41.916355 8.731069 41.917667 1 2
8.731069 41.917667 8.730433 41.923567 1 2
8.730433 41.923567 8.733095 41.924419 1 2
8.733095 41.924419 8.735622 41.91895 1 2
8.735622 41.91895 8.740253 41.918867 1 2
8.740253 41.918867 8.73961 41.915609 1 0
8.73961 41.915609 8.735584 41.91703 1 0
8.735584 41.91703 8.730916 41.915664 1 0
8.730916 41.915664 8.727541 41.912102 1 0
8.727541 41.912102 8.723601 41.912222 1 0
8.723601 41.912222 8.71947 41.908264 1 0
8.71947 41.908264 8.708473 41.908236 1 0
8.708473 41.908236 8.705659 41.907054 1 0
8.705659 41.907054 8.700912 41.908474 1 0
8.700912 41.908474 8.687932 41.909226 1 0
8.687932 41.909226 8.685453 41.907662 1 0
8.685453 41.907662 8.679378 41.907351 1 0
8.679378 41.907351 8.670484 41.905021 1 0
8.670484 41.905021 8.664836 41.907347 1 0
8.664836 41.907347 8.660027 41.907077 1 0
8.660027 41.907077 8.655117 41.908697 1 0
8.655117 41.908697 8.649952 41.908569 1 0
8.649952 41.908569 8.642111 41.910185 1 0
8.642111 41.910185 8.629617 41.906113 1 0
8.629617 41.906113 8.624541 41.902141 1 0
8.624541 41.902141 8.617175 41.900914 1 0
8.617175 41.900914 8.612077 41.906931 1 0
8.612077 41.906931 8.60916 41.907895 1 0
8.60916 41.907895 8.611535 41.913726 1 0
8.611535 41.913726 8.615972 41.918874 1 0
8.615972 41.918874 8.61488 41.92305 1 0
8.61488 41.92305 8.622842 41.926017 1 0
8.622842 41.926017 8.619843 41.929972 1 0
8.619843 41.929972 8.622655 41.931737 1 0
8.622655 41.931737 8.623371 41.935098 1 0
8.623371 41.935098 8.620993 41.939665 1 0
8.620993 41.939665 8.616265 41.939716 1 0
8.616265 41.939716 8.606895 41.942295 1 0
8.606895 41.942295 8.607725 41.946569 1 0
8.607725 41.946569 8.605642 41.952486 1 0
8.605642 41.952486 8.597664 41.952579 1 0
8.597664 41.952579 8.599069 41.956843 1 0
8.599069 41.956843 8.597344 41.960378 1 0
8.597344 41.960378 8.590637 41.962122 1 0
8.590637 41.962122 8.594768 41.966055 1 0
8.594768 41.966055 8.601488 41.967822 1 0
8.601488 41.967822 8.611029 41.968656 1 0
8.611029 41.968656 8.614402 41.971708 1 0
8.614402 41.971708 8.62317 41.97046 1 0
8.62317 41.97046 8.62317 41.97046 1 5
8.679322 41.946046 8.681804 41.948513 2 5
8.681804 41.948513 8.694484 41.949513 2 5
8.694484 41.949513 8.700519 41.953256 2 5
8.700519 41.953256 8.703829 41.946749 2 5
8.703829 41.946749 8.710666 41.946821 2 5
8.710666 41.946821 8.710848 41.951476 2 5
8.710848 41.951476 8.714772 41.950709 2 5
8.714772 41.950709 8.732721 41.942273 2 5
8.732721 41.942273 8.728143 41.937778 2 3
8.728143 41.937778 8.734108 41.934812 2 3
8.734108 41.934812 8.732013 41.930608 2 3
8.732013 41.930608 8.732923 41.92798 2 3
8.732923 41.92798 8.7383 41.926364 2 3
8.7383 41.926364 8.741091 41.927395 2 3
8.741091 41.927395 8.740253 41.918867 2 0
8.740253 41.918867 8.735622 41.91895 2 0
8.735622 41.91895 8.733095 41.924419 2 0
8.733095 41.924419 8.730433 41.923567 2 0
8.730433 41.923567 8.731069 41.917667 2 0
8.731069 41.917667 8.718857 41.916355 2 0
8.718857 41.916355 8.718487 41.911498 2 0
8.718487 41.911498 8.714576 41.913516 2 0
8.714576 41.913516 8.685505 41.913211 2 0
8.685505 41.913211 8.686336 41.921827 2 0
8.686336 41.921827 8.665506 41.922021 2 0
8.665506 41.922021 8.667352 41.938332 2 0
8.667352 41.938332 8.678496 41.939439 2 0
8.678496 41.939439 8.679322 41.946046 2 0
8.679322 41.946046 8.679322 41.946046 2 0
8.732721 41.942273 8.73673 41.944932 3 5
8.73673 41.944932 8.741609 41.945724 3 5
8.741609 41.945724 8.749903 41.944532 3 5
8.749903 41.944532 8.751965 41.942708 3 5
8.751965 41.942708 8.748965 41.941957 3 4
8.748965 41.941957 8.748716 41.937771 3 4
8.748716 41.937771 8.744285 41.933009 3 4
8.744285 41.933009 8.740769 41.931624 3 0
8.740769 41.931624 8.741091 41.927395 3 0
8.741091 41.927395 8.7383 41.926364 3 0
8.7383 41.926364 8.732923 41.92798 3 0
8.732923 41.92798 8.732013 41.930608 3 0
8.732013 41.930608 8.734108 41.934812 3 0
8.734108 41.934812 8.728143 41.937778 3 0
8.728143 41.937778 8.732721 41.942273 3 0
8.732721 41.942273 8.732721 41.942273 3 0
8.751965 41.942708 8.756234 41.941636 4 5
8.756234 41.941636 8.760126 41.945268 4 5
8.760126 41.945268 8.766662 41.943421 4 5
8.766662 41.943421 8.768121 41.938302 4 5
8.768121 41.938302 8.76527 41.935376 4 5
8.76527 41.935376 8.77016 41.934637 4 5
8.77016 41.934637 8.769531 41.927331 4 5
8.769531 41.927331 8.764454 41.923001 4 0
8.764454 41.923001 8.759054 41.925897 4 0
8.759054 41.925897 8.753105 41.933411 4 0
8.753105 41.933411 8.744285 41.933009 4 0
8.744285 41.933009 8.748716 41.937771 4 0
8.748716 41.937771 8.748965 41.941957 4 0
8.748965 41.941957 8.751965 41.942708 4 0
8.751965 41.942708 8.751965 41.942708 4 0
8.62317 41.97046 8.625853 41.970811 5 0
8.625853 41.970811 8.632894 41.967593 5 0
8.632894 41.967593 8.642559 41.967596 5 0
8.642559 41.967596 8.649073 41.968932 5 0
8.649073 41.968932 8.658822 41.975162 5 0
8.658822 41.975162 8.66552 41.977696 5 0
8.66552 41.977696 8.669047 41.98285 5 0
8.669047 41.98285 8.669521 41.989648 5 0
8.669521 41.989648 8.678772 41.988844 5 8
8.678772 41.988844 8.683921 41.985517 5 8
8.683921 41.985517 8.687759 41.98465 5 8
8.687759 41.98465 8.696007 41.988149 5 8
8.696007 41.988149 8.70342 41.988018 5 8
8.70342 41.988018 8.708811 41.990308 5 8
8.708811 41.990308 8.714935 41.989473 5 8
8.714935 41.989473 8.717142 41.991471 5 8
8.717142 41.991471 8.726706 41.993484 5 8
8.726706 41.993484 8.742488 41.994077 5 8
8.742488 41.994077 8.749713 41.993033 5 8
8.749713 41.993033 8.752865 41.989026 5 8
8.752865 41.989026 8.771769 41.989236 5 8
8.771769 41.989236 8.778692 41.981576 5 8
8.778692 41.981576 8.78147 41.975864 5 8
8.78147 41.975864 8.781167 41.970878 5 8
8.781167 41.970878 8.788811 41.969627 5 8
8.788811 41.969627 8.789999 41.966692 5 8
8.789999 41.966692 8.788139 41.962854 5 8
8.788139 41.962854 8.789285 41.961192 5 8
8.789285 41.961192 8.787827 41.956753 5 8
8.787827 41.956753 8.784451 41.9554 5 8
8.784451 41.9554 8.786023 41.950223 5 8
8.786023 41.950223 8.797089 41.950271 5 8
8.797089 41.950271 8.813769 41.947437 5 8
8.813769 41.947437 8.817239 41.951322 5 8
8.817239 41.951322 8.818825 41.955378 5 8
8.818825 41.955378 8.821683 41.956191 5 8
8.821683 41.956191 8.822499 41.959532 5 8
8.822499 41.959532 8.826798 41.961601 5 8
8.826798 41.961601 8.834444 41.957828 5 8
8.834444 41.957828 8.841485 41.958529 5 8
8.841485 41.958529 8.849267 41.957139 5 8
8.849267 41.957139 8.862856 41.957196 5 8
8.862856 41.957196 8.87185 41.953858 5 8
8.87185 41.953858 8.869285 41.949834 5 8
8.869285 41.949834 8.864437 41.94615 5 8
8.864437 41.94615 8.853809 41.943642 5 8
8.853809 41.943642 8.854982 41.936668 5 8
8.854982 41.936668 8.863993 41.926337 5 8
8.863993 41.926337 8.855709 41.920681 5 11
8.855709 41.920681 8.850246 41.919792 5 11
8.850246 41.919792 8.842365 41.91531 5 11
8.842365 41.91531 8.83799 41.911627 5 11
8.83799 41.911627 8.832716 41.914434 5 11
8.832716 41.914434 8.820755 41.910408 5 11
8.820755 41.910408 8.818053 41.907331 5 11
8.818053 41.907331 8.815406 41.908942 5 11
8.815406 41.908942 8.811036 41.906904 5 11
8.811036 41.906904 8.808866 41.904164 5 11
8.808866 41.904164 8.799152 41.909329 5 11
8.799152 41.909329 8.79812 41.905056 5 11
8.79812 41.905056 8.794204 41.911113 5 0
8.794204 41.911113 8.787568 41.918855 5 0
8.787568 41.918855 8.78188 41.923785 5 0
8.78188 41.923785 8.776968 41.926443 5 0
8.776968 41.926443 8.769531 41.927331 5 0
8.769531 41.927331 8.77016 41.934637 5 0
8.77016 41.934637 8.76527 41.935376 5 0
8.76527 41.935376 8.768121 41.938302 5 0
8.768121 41.938302 8.766662 41.943421 5 0
8.766662 41.943421 8.760126 41.945268 5 0
8.760126 41.945268 8.756234 41.941636 5 0
8.756234 41.941636 8.751965 41.942708 5 0
8.751965 41.942708 8.749903 41.944532 5 0
8.749903 41.944532 8.741609 41.945724 5 0
8.741609 41.945724 8.73673 41.944932 5 0
8.73673 41.944932 8.732721 41.942273 5 0
8.732721 41.942273 8.714772 41.950709 5 0
8.714772 41.950709 8.710848 41.951476 5 0
8.710848 41.951476 8.710666 41.946821 5 0
8.710666 41.946821 8.703829 41.946749 5 0
8.703829 41.946749 8.700519 41.953256 5 0
8.700519 41.953256 8.694484 41.949513 5 0
8.694484 41.949513 8.681804 41.948513 5 0
8.681804 41.948513 8.679322 41.946046 5 0
8.679322 41.946046 8.669492 41.947156 5 0
8.669492 41.947156 8.66547 41.955153 5 0
8.66547 41.955153 8.652852 41.958346 5 0
8.652852 41.958346 8.650344 41.958181 5 0
8.650344 41.958181 8.647857 41.962577 5 0
8.647857 41.962577 8.636773 41.963611 5 0
8.636773 41.963611 8.63028 41.962395 5 0
8.63028 41.962395 8.628423 41.964358 5 0
8.628423 41.964358 8.62303 41.965658 5 0
8.62303 41.965658 8.62317 41.97046 5 0
8.62317 41.97046 8.62317 41.97046 5 0
9.136919 41.738231 9.140997 41.742987 6 9
9.140997 41.742987 9.144706 41.743449 6 9
9.144706 41.743449 9.146877 41.746973 6 9
9.146877 41.746973 9.149756 41.746833 6 9
9.149756 41.746833 9.151055 41.751648 6 9
9.151055 41.751648 9.154221 41.752198 6 9
9.154221 41.752198 9.160845 41.75802 6 9
9.160845 41.75802 9.161823 41.761208 6 9
9.161823 41.761208 9.165872 41.764417 6 9
9.165872 41.764417 9.170672 41.765912 6 9
9.170672 41.765912 9.180192 41.772238 6 9
9.180192 41.772238 9.186026 41.772513 6 9
9.186026 41.772513 9.194409 41.774948 6 9
9.194409 41.774948 9.196975 41.777687 6 9
9.196975 41.777687 9.200706 41.778425 6 9
9.200706 41.778425 9.202589 41.784544 6 9
9.202589 41.784544 9.206108 41.786716 6 9
9.206108 41.786716 9.21108 41.786208 6 9
9.21108 41.786208 9.216518 41.791047 6 9
9.216518 41.791047 9.219113 41.794674 6 9
9.219113 41.794674 9.224638 41.795933 6 9
9.224638 41.795933 9.225375 41.792061 6 9
9.225375 41.792061 9.231324 41.784628 6 9
9.231324 41.784628 9.235596 41.781377 6 9
9.235596 41.781377 9.238997 41.784382 6 9
9.238997 41.784382 9.246912 41.788801 6 9
9.246912 41.788801 9.250366 41.794805 6 9
9.250366 41.794805 9.259065 41.798465 6 9
9.259065 41.798465 9.261023 41.802783 6 9
9.261023 41.802783 9.267774 41.808193 6 9
9.267774 41.808193 9.272598 41.807831 6 9
9.272598 41.807831 9.275815 41.810411 6 9
9.275815 41.810411 9.276366 41.813305 6 9
9.276366 41.813305 9.28119 41.814013 6 9
9.28119 41.814013 9.283387 41.815886 6 9
9.283387 41.815886 9.293743 41.818555 6 9
9.293743 41.818555 9.299827 41.825335 6 9
9.299827 41.825335 9.306413 41.828078 6 9
9.306413 41.828078 9.304401 41.831141 6 9
9.304401 41.831141 9.309117 41.832207 6 9
9.309117 41.832207 9.313603 41.833185 6 0
9.313603 41.833185 9.317083 41.832294 6 0
9.317083 41.832294 9.320396 41.835149 6 0
9.320396 41.835149 9.324731 41.834446 6 0
9.324731 41.834446 9.339727 41.846494 6 0
9.339727 41.846494 9.343887 41.844402 6 0
9.343887 41.844402 9.349295 41.849004 6 0
9.349295 41.849004 9.352272 41.850107 6 0
9.352272 41.850107 9.352822 41.853803 6 0
9.352822 41.853803 9.357265 41.855326 6 0
9.357265 41.855326 9.363007 41.859348 6 0
9.363007 41.859348 9.370592 41.861588 6 0
9.370592 41.861588 9.369548 41.863333 6 0
9.369548 41.863333 9.378406 41.867184 6 0
9.378406 41.867184 9.379485 41.865153 6 0
9.379485 41.865153 9.386495 41.867457 6 0
9.386495 41.867457 9.394385 41.863092 6 0
9.394385 41.863092 9.395445 41.860447 6 0
9.395445 41.860447 9.401767 41.859478 6 0
9.401767 41.859478 9.40171 41.845656 6 0
9.40171 41.845656 9.403746 41.841798 6 0
9.403746 41.841798 9.403702 41.834868 6 0
9.403702 41.834868 9.404717 41.832554 6 0
9.404717 41.832554 9.406027 41.822538 6 0
9.406027 41.822538 9.405499 41.817322 6 0
9.405499 41.817322 9.401239 41.812583 6 0
9.401239 41.812583 9.398687 41.801001 6 0
9.398687 41.801001 9.39437 41.798071 6 0
9.39437 41.798071 9.396927 41.79382 6 0
9.396927 41.79382 9.39691 41.790996 6 0
9.39691 41.790996 9.399987 41.789445 6 0
9.399987 41.789445 9.399889 41.786534 6 0
9.399889 41.786534 9.396767 41.783837 6 0
9.396767 41.783837 9.398201 41.7779 6 0
9.398201 41.7779 9.3956 41.776413 6 0
9.3956 41.776413 9.398305 41.772225 6 0
9.398305 41.772225 9.404236 41.773076 6 0
9.404236 41.773076 9.407068 41.76823 6 0
9.407068 41.76823 9.407403 41.763849 6 0
9.407403 41.763849 9.4054 41.761027 6 0
9.4054 41.761027 9.406081 41.754795 6 0
9.406081 41.754795 9.403372 41.748581 6 0
9.403372 41.748581 9.406963 41.742836 6 0
9.406963 41.742836 9.404111 41.736494 6 0
9.404111 41.736494 9.4023 41.729912 6 0
9.4023 41.729912 9.405577 41.724055 6 0
9.405577 41.724055 9.40583 41.721433 6 0
9.40583 41.721433 9.401545 41.718053 6 0
9.401545 41.718053 9.408227 41.713752 6 0
9.408227 41.713752 9.404892 41.708887 6 0
9.404892 41.708887 9.401833 41.70695 6 0
9.401833 41.70695 9.400339 41.700462 6 0
9.400339 41.700462 9.401736 41.693546 6 0
9.401736 41.693546 9.399607 41.691567 6 0
9.399607 41.691567 9.389685 41.688287 6 0
9.389685 41.688287 9.387992 41.689717 6 0
9.387992 41.689717 9.37794 41.682439 6 0
9.37794 41.682439 9.376795 41.68251 6 0
9.376795 41.68251 9.37867 41.671047 6 0
9.37867 41.671047 9.394871 41.673736 6 0
9.394871 41.673736 9.397644 41.671306 6 0
9.397644 41.671306 9.396125 41.668573 6 0
9.396125 41.668573 9.392261 41.666624 6 0
9.392261 41.666624 9.389921 41.661959 6 0
9.389921 41.661959 9.389106 41.654576 6 0
9.389106 41.654576 9.386332 41.645696 6 0
9.386332 41.645696 9.370021 41.631638 6 0
9.370021 41.631638 9.367315 41.632195 6 0
9.367315 41.632195 9.362121 41.639773 6 0
9.362121 41.639773 9.354887 41.640547 6 0
9.354887 41.640547 9.34832 41.636085 6 0
9.34832 41.636085 9.346949 41.63335 6 0
9.346949 41.63335 9.354168 41.627348 6 0
9.354168 41.627348 9.353633 41.625363 6 0
9.353633 41.625363 9.358077 41.619875 6 0
9.358077 41.619875 9.35642 41.616928 6 0
9.35642 41.616928 9.35175 41.617971 6 0
9.35175 41.617971 9.34593 41.616691 6 0
9.34593 41.616691 9.33629 41.621024 6 0
9.33629 41.621024 9.329209 41.616411 6 0
9.329209 41.616411 9.320317 41.614598 6 0
9.320317 41.614598 9.31741 41.621384 6 0
9.31741 41.621384 9.312426 41.625559 6 0
9.312426 41.625559 9.309296 41.626569 6 0
9.309296 41.626569 9.308587 41.622224 6 0
9.308587 41.622224 9.304713 41.622457 6 0
9.304713 41.622457 9.3074 41.616128 6 0
9.3074 41.616128 9.298222 41.610254 6 0
9.298222 41.610254 9.292219 41.609953 6 0
9.292219 41.609953 9.287962 41.608187 6 0
9.287962 41.608187 9.286481 41.602023 6 0
9.286481 41.602023 9.288021 41.598674 6 0
9.288021 41.598674 9.284964 41.596568 6 0
9.284964 41.596568 9.28692 41.592212 6 0
9.28692 41.592212 9.286211 41.590098 6 0
9.286211 41.590098 9.292629 41.586044 6 0
9.292629 41.586044 9.288302 41.585975 6 7
9.288302 41.585975 9.285414 41.580883 6 7
9.285414 41.580883 9.281638 41.580995 6 7
9.281638 41.580995 9.280573 41.584095 6 7
9.280573 41.584095 9.275352 41.580238 6 7
9.275352 41.580238 9.272274 41.583742 6 7
9.272274 41.583742 9.268473 41.584116 6 7
9.268473 41.584116 9.271183 41.58841 6 7
9.271183 41.58841 9.261444 41.594276 6 7
9.261444 41.594276 9.249996 41.594623 6 7
9.249996 41.594623 9.246609 41.596466 6 7
9.246609 41.596466 9.237228 41.596402 6 7
9.237228 41.596402 9.235157 41.599822 6 7
9.235157 41.599822 9.234399 41.604313 6 7
9.234399 41.604313 9.235554 41.606644 6 7
9.235554 41.606644 9.233597 41.611085 6 7
9.233597 41.611085 9.255426 41.618508 6 7
9.255426 41.618508 9.276739 41.629852 6 7
9.276739 41.629852 9.279183 41.631487 6 7
9.279183 41.631487 9.260658 41.645647 6 7
9.260658 41.645647 9.256171 41.646498 6 7
9.256171 41.646498 9.247901 41.657154 6 7
9.247901 41.657154 9.235657 41.663081 6 7
9.235657 41.663081 9.226077 41.661038 6 7
9.226077 41.661038 9.219399 41.66238 6 7
9.219399 41.66238 9.215412 41.667719 6 7
9.215412 41.667719 9.213926 41.677545 6 7
9.213926 41.677545 9.209709 41.680343 6 7
9.209709 41.680343 9.209503 41.683198 6 7
9.209503 41.683198 9.203979 41.68432 6 7
9.203979 41.68432 9.197583 41.68689 6 7
9.197583 41.68689 9.189244 41.683678 6 7
9.189244 41.683678 9.178931 41.692166 6 7
9.178931 41.692166 9.168338 41.69693 6 7
9.168338 41.69693 9.16511 41.700569 6 7
9.16511 41.700569 9.157735 41.698388 6 7
9.157735 41.698388 9.147573 41.708207 6 7
9.147573 41.708207 9.1446 41.709644 6 7
9.1446 41.709644 9.140458 41.714873 6 7
9.140458 41.714873 9.140799 41.717467 6 7
9.140799 41.717467 9.137816 41.724526 6 7
9.137816 41.724526 9.138039 41.729906 6 7
9.138039 41.729906 9.140488 41.732364 6 7
9.140488 41.732364 9.144373 41.733319 6 7
9.144373 41.733319 9.136919 41.738231 6 7
9.136919 41.738231 9.136919 41.738231 6 0
8.94024 41.4901 8.944339 41.495437 7 9
8.944339 41.495437 8.947665 41.496808 7 9
8.947665 41.496808 8.958049 41.504785 7 9
8.958049 41.504785 8.958685 41.506906 7 9
8.958685 41.506906 8.964288 41.508395 7 9
8.964288 41.508395 8.966603 41.507138 7 9
8.966603 41.507138 8.971544 41.508359 7 9
8.971544 41.508359 8.977297 41.512533 7 9
8.977297 41.512533 8.97991 41.518956 7 9
8.97991 41.518956 8.989009 41.529091 7 9
8.989009 41.529091 8.992453 41.531299 7 9
8.992453 41.531299 8.996175 41.535764 7 9
8.996175 41.535764 9.004907 41.539205 7 9
9.004907 41.539205 9.011683 41.543005 7 9
9.011683 41.543005 9.014846 41.54712 7 9
9.014846 41.54712 9.015941 41.553661 7 9
9.015941 41.553661 9.020309 41.557296 7 9
9.020309 41.557296 9.022426 41.560821 7 9
9.022426 41.560821 9.02582 41.560816 7 9
9.02582 41.560816 9.032617 41.565585 7 9
9.032617 41.565585 9.037432 41.566334 7 9
9.037432 41.566334 9.040209 41.570676 7 9
9.040209 41.570676 9.048864 41.569832 7 9
9.048864 41.569832 9.072009 41.570621 7 9
9.072009 41.570621 9.076533 41.572154 7 9
9.076533 41.572154 9.077011 41.577585 7 9
9.077011 41.577585 9.081072 41.58262 7 9
9.081072 41.58262 9.081363 41.585955 7 9
9.081363 41.585955 9.075115 41.587009 7 9
9.075115 41.587009 9.069383 41.589306 7 9
9.069383 41.589306 9.068782 41.591373 7 9
9.068782 41.591373 9.063825 41.592376 7 9
9.063825 41.592376 9.05998 41.594983 7 9
9.05998 41.594983 9.055552 41.604076 7 9
9.055552 41.604076 9.051078 41.605136 7 9
9.051078 41.605136 9.046866 41.607878 7 9
9.046866 41.607878 9.048009 41.612002 7 9
9.048009 41.612002 9.055125 41.61271 7 9
9.055125 41.61271 9.064726 41.616807 7 9
9.064726 41.616807 9.074697 41.624003 7 9
9.074697 41.624003 9.077024 41.627767 7 9
9.077024 41.627767 9.077256 41.640503 7 9
9.077256 41.640503 9.081418 41.64601 7 9
9.081418 41.64601 9.080076 41.64972 7 9
9.080076 41.64972 9.082481 41.65166 7 9
9.082481 41.65166 9.086725 41.651904 7 9
9.086725 41.651904 9.093144 41.656323 7 9
9.093144 41.656323 9.101569 41.659155 7 9
9.101569 41.659155 9.10132 41.663303 7 9
9.10132 41.663303 9.098373 41.664208 7 9
9.098373 41.664208 9.094751 41.671971 7 9
9.094751 41.671971 9.097947 41.672673 7 9
9.097947 41.672673 9.100696 41.679062 7 9
9.100696 41.679062 9.096083 41.686437 7 9
9.096083 41.686437 9.099954 41.692756 7 9
9.099954 41.692756 9.096608 41.696036 7 9
9.096608 41.696036 9.098675 41.699638 7 9
9.098675 41.699638 9.097757 41.703706 7 9
9.097757 41.703706 9.091925 41.709717 7 9
9.091925 41.709717 9.096265 41.713626 7 9
9.096265 41.713626 9.09804 41.718926 7 9
9.09804 41.718926 9.090867 41.721438 7 9
9.090867 41.721438 9.094533 41.72704 7 9
9.094533 41.72704 9.100169 41.729564 7 9
9.100169 41.729564 9.105048 41.734655 7 9
9.105048 41.734655 9.112147 41.732493 7 9
9.112147 41.732493 9.116139 41.736508 7 9
9.116139 41.736508 9.118078 41.735184 7 9
9.118078 41.735184 9.124678 41.737507 7 9
9.124678 41.737507 9.127042 41.734944 7 9
9.127042 41.734944 9.133306 41.735035 7 9
9.133306 41.735035 9.136919 41.738231 7 9
9.136919 41.738231 9.144373 41.733319 7 0
9.144373 41.733319 9.140488 41.732364 7 0
9.140488 41.732364 9.138039 41.729906 7 0
9.138039 41.729906 9.137816 41.724526 7 0
9.137816 41.724526 9.140799 41.717467 7 0
9.140799 41.717467 9.140458 41.714873 7 0
9.140458 41.714873 9.1446 41.709644 7 0
9.1446 41.709644 9.147573 41.708207 7 0
9.147573 41.708207 9.157735 41.698388 7 0
9.157735 41.698388 9.16511 41.700569 7 0
9.16511 41.700569 9.168338 41.69693 7 0
9.168338 41.69693 9.178931 41.692166 7 0
9.178931 41.692166 9.189244 41.683678 7 0
9.189244 41.683678 9.197583 41.68689 7 0
9.197583 41.68689 9.203979 41.68432 7 0
9.203979 41.68432 9.209503 41.683198 7 0
9.209503 41.683198 9.209709 41.680343 7 0
9.209709 41.680343 9.213926 41.677545 7 0
9.213926 41.677545 9.215412 41.667719 7 0
9.215412 41.667719 9.219399 41.66238 7 0
9.219399 41.66238 9.226077 41.661038 7 0
9.226077 41.661038 9.235657 41.663081 7 0
9.235657 41.663081 9.247901 41.657154 7 0
9.247901 41.657154 9.256171 41.646498 7 0
9.256171 41.646498 9.260658 41.645647 7 0
9.260658 41.645647 9.279183 41.631487 7 0
9.279183 41.631487 9.276739 41.629852 7 0
9.276739 41.629852 9.255426 41.618508 7 0
9.255426 41.618508 9.233597 41.611085 7 0
9.233597 41.611085 9.235554 41.606644 7 0
9.235554 41.606644 9.234399 41.604313 7 0
9.234399 41.604313 9.235157 41.599822 7 0
9.235157 41.599822 9.237228 41.596402 7 0
9.237228 41.596402 9.246609 41.596466 7 0
9.246609 41.596466 9.249996 41.594623 7 0
9.249996 41.594623 9.261444 41.594276 7 0
9.261444 41.594276 9.271183 41.58841 7 0
9.271183 41.58841 9.268473 41.584116 7 0
9.268473 41.584116 9.272274 41.583742 7 0
9.272274 41.583742 9.275352 41.580238 7 0
9.275352 41.580238 9.280573 41.584095 7 0
9.280573 41.584095 9.281638 41.580995 7 0
9.281638 41.580995 9.285414 41.580883 7 0
9.285414 41.580883 9.288302 41.585975 7 0
9.288302 41.585975 9.292629 41.586044 7 0
9.292629 41.586044 9.295464 41.584003 7 0
9.295464 41.584003 9.298598 41.584835 7 0
9.298598 41.584835 9.29929 41.587712 7 0
9.29929 41.587712 9.303689 41.589601 7 0
9.303689 41.589601 9.307041 41.592905 7 0
9.307041 41.592905 9.313726 41.602308 7 0
9.313726 41.602308 9.318548 41.605236 7 0
9.318548 41.605236 9.324254 41.605086 7 0
9.324254 41.605086 9.329106 41.602395 7 0
9.329106 41.602395 9.333434 41.603811 7 0
9.333434 41.603811 9.337237 41.601285 7 0
9.337237 41.601285 9.342313 41.594737 7 0
9.342313 41.594737 9.353618 41.594505 7 0
9.353618 41.594505 9.355882 41.596301 7 0
9.355882 41.596301 9.36835 41.596123 7 0
9.36835 41.596123 9.364938 41.591109 7 0
9.364938 41.591109 9.36151 41.590833 7 0
9.36151 41.590833 9.361503 41.587406 7 0
9.361503 41.587406 9.356461 41.584828 7 0
9.356461 41.584828 9.354771 41.580776 7 0
9.354771 41.580776 9.349577 41.575626 7 0
9.349577 41.575626 9.350364 41.567475 7 0
9.350364 41.567475 9.347073 41.562158 7 0
9.347073 41.562158 9.341864 41.558632 7 0
9.341864 41.558632 9.336824 41.558591 7 0
9.336824 41.558591 9.334129 41.560167 7 0
9.334129 41.560167 9.327051 41.558559 7 0
9.327051 41.558559 9.321101 41.555494 7 0
9.321101 41.555494 9.316714 41.550939 7 0
9.316714 41.550939 9.311326 41.550548 7 0
9.311326 41.550548 9.307012 41.545673 7 0
9.307012 41.545673 9.302747 41.545666 7 0
9.302747 41.545666 9.294681 41.538464 7 0
9.294681 41.538464 9.289537 41.531103 7 0
9.289537 41.531103 9.286487 41.529443 7 0
9.286487 41.529443 9.276344 41.531885 7 0
9.276344 41.531885 9.273008 41.530032 7 0
9.273008 41.530032 9.271962 41.5249 7 0
9.271962 41.5249 9.274513 41.522198 7 0
9.274513 41.522198 9.279026 41.522798 7 0
9.279026 41.522798 9.283583 41.520307 7 0
9.283583 41.520307 9.284517 41.517411 7 0
9.284517 41.517411 9.280545 41.510339 7 0
9.280545 41.510339 9.276163 41.505132 7 0
9.276163 41.505132 9.267989 41.50091 7 0
9.267989 41.50091 9.269627 41.498407 7 0
9.269627 41.498407 9.273606 41.499115 7 0
9.273606 41.499115 9.277044 41.495332 7 0
9.277044 41.495332 9.283154 41.500395 7 0
9.283154 41.500395 9.285769 41.499044 7 0
9.285769 41.499044 9.287579 41.492377 7 0
9.287579 41.492377 9.284025 41.490255 7 0
9.284025 41.490255 9.286527 41.48638 7 0
9.286527 41.48638 9.283956 41.479704 7 0
9.283956 41.479704 9.28448 41.477919 7 0
9.28448 41.477919 9.276304 41.474131 7 0
9.276304 41.474131 9.275674 41.470849 7 0
9.275674 41.470849 9.27045 41.47264 7 0
9.27045 41.47264 9.266598 41.469004 7 0
9.266598 41.469004 9.277577 41.465395 7 0
9.277577 41.465395 9.27708 41.46337 7 0
9.27708 41.46337 9.272844 41.461393 7 0
9.272844 41.461393 9.268269 41.465811 7 0
9.268269 41.465811 9.266095 41.466058 7 0
9.266095 41.466058 9.259227 41.462019 7 0
9.259227 41.462019 9.2597 41.458501 7 0
9.2597 41.458501 9.25801 41.456092 7 0
9.25801 41.456092 9.251941 41.454253 7 0
9.251941 41.454253 9.250263 41.451635 7 0
9.250263 41.451635 9.245526 41.448282 7 0
9.245526 41.448282 9.238893 41.445468 7 0
9.238893 41.445468 9.229248 41.443892 7 0
9.229248 41.443892 9.223036 41.44134 7 0
9.223036 41.44134 9.22266 41.437674 7 0
9.22266 41.437674 9.226754 41.427386 7 0
9.226754 41.427386 9.22878 41.426123 7 0
9.22878 41.426123 9.225956 41.422347 7 0
9.225956 41.422347 9.223737 41.414661 7 0
9.223737 41.414661 9.215947 41.409617 7 0
9.215947 41.409617 9.217425 41.407055 7 0
9.217425 41.407055 9.221716 41.404703 7 0
9.221716 41.404703 9.225963 41.407954 7 0
9.225963 41.407954 9.234782 41.41318 7 0
9.234782 41.41318 9.24534 41.422183 7 0
9.24534 41.422183 9.254603 41.424937 7 0
9.254603 41.424937 9.258024 41.428325 7 0
9.258024 41.428325 9.265165 41.428229 7 0
9.265165 41.428229 9.263191 41.422588 7 0
9.263191 41.422588 9.258419 41.414379 7 0
9.258419 41.414379 9.254924 41.410948 7 0
9.254924 41.410948 9.25083 41.410087 7 0
9.25083 41.410087 9.250311 41.407192 7 0
9.250311 41.407192 9.246132 41.403006 7 0
9.246132 41.403006 9.245929 41.400779 7 0
9.245929 41.400779 9.241296 41.399254 7 0
9.241296 41.399254 9.239618 41.396045 7 0
9.239618 41.396045 9.236452 41.394805 7 0
9.236452 41.394805 9.23455 41.388012 7 0
9.23455 41.388012 9.227889 41.380878 7 0
9.227889 41.380878 9.221788 41.377075 7 0
9.221788 41.377075 9.220715 41.373981 7 0
9.220715 41.373981 9.222861 41.371892 7 0
9.222861 41.371892 9.220723 41.369187 7 0
9.220723 41.369187 9.214696 41.368515 7 0
9.214696 41.368515 9.207513 41.365921 7 0
9.207513 41.365921 9.204053 41.365765 7 0
9.204053 41.365765 9.198332 41.367852 7 0
9.198332 41.367852 9.194579 41.365754 7 0
9.194579 41.365754 9.191735 41.36745 7 0
9.191735 41.36745 9.186385 41.365731 7 0
9.186385 41.365731 9.180392 41.366823 7 0
9.180392 41.366823 9.177867 41.373488 7 0
9.177867 41.373488 9.174343 41.379246 7 0
9.174343 41.379246 9.169435 41.384453 7 0
9.169435 41.384453 9.161477 41.386807 7 0
9.161477 41.386807 9.150632 41.385864 7 0
9.150632 41.385864 9.150255 41.388531 7 0
9.150255 41.388531 9.142813 41.387813 7 0
9.142813 41.387813 9.138702 41.390026 7 0
9.138702 41.390026 9.135352 41.394455 7 0
9.135352 41.394455 9.129771 41.392806 7 0
9.129771 41.392806 9.128332 41.396255 7 0
9.128332 41.396255 9.124482 41.398244 7 0
9.124482 41.398244 9.121507 41.396314 7 0
9.121507 41.396314 9.11756 41.396751 7 0
9.11756 41.396751 9.104786 41.394745 7 0
9.104786 41.394745 9.099159 41.391262 7 0
9.099159 41.391262 9.093368 41.394741 7 0
9.093368 41.394741 9.096097 41.398593 7 0
9.096097 41.398593 9.091717 41.39888 7 0
9.091717 41.39888 9.091011 41.401709 7 0
9.091011 41.401709 9.095235 41.412334 7 0
9.095235 41.412334 9.099302 41.415557 7 0
9.099302 41.415557 9.104149 41.41584 7 0
9.104149 41.41584 9.109226 41.421138 7 0
9.109226 41.421138 9.104843 41.421893 7 0
9.104843 41.421893 9.104375 41.426043 7 0
9.104375 41.426043 9.105794 41.428435 7 0
9.105794 41.428435 9.10944 41.429095 7 0
9.10944 41.429095 9.111703 41.431701 7 0
9.111703 41.431701 9.120446 41.436145 7 0
9.120446 41.436145 9.119401 41.440955 7 0
9.119401 41.440955 9.10749 41.441039 7 0
9.10749 41.441039 9.10604 41.443653 7 0
9.10604 41.443653 9.101027 41.442446 7 0
9.101027 41.442446 9.093588 41.449809 7 0
9.093588 41.449809 9.087358 41.444602 7 0
9.087358 41.444602 9.082508 41.441836 7 0
9.082508 41.441836 9.079102 41.441394 7 0
9.079102 41.441394 9.069354 41.445049 7 0
9.069354 41.445049 9.068698 41.449855 7 0
9.068698 41.449855 9.065946 41.450198 7 0
9.065946 41.450198 9.066056 41.455412 7 0
9.066056 41.455412 9.069232 41.461026 7 0
9.069232 41.461026 9.06745 41.465501 7 0
9.06745 41.465501 9.070655 41.465742 7 0
9.070655 41.465742 9.071212 41.470006 7 0
9.071212 41.470006 9.076781 41.472421 7 0
9.076781 41.472421 9.077052 41.476401 7 0
9.077052 41.476401 9.068759 41.475528 7 0
9.068759 41.475528 9.062175 41.468211 7 0
9.062175 41.468211 9.059008 41.466486 7 0
9.059008 41.466486 9.053429 41.460536 7 0
9.053429 41.460536 9.047477 41.461196 7 0
9.047477 41.461196 9.041742 41.456995 7 0
9.041742 41.456995 9.038078 41.45972 7 0
9.038078 41.45972 9.040232 41.463511 7 0
9.040232 41.463511 9.039285 41.469301 7 0
9.039285 41.469301 9.035447 41.471026 7 0
9.035447 41.471026 9.025273 41.465747 7 0
9.025273 41.465747 9.018205 41.46704 7 0
9.018205 41.46704 9.018193 41.469722 7 0
9.018193 41.469722 9.014896 41.471054 7 0
9.014896 41.471054 9.018036 41.478064 7 0
9.018036 41.478064 9.014092 41.47812 7 0
9.014092 41.47812 9.009983 41.474222 7 0
9.009983 41.474222 9.002989 41.475084 7 0
9.002989 41.475084 8.996902 41.480036 7 0
8.996902 41.480036 8.99563 41.485522 7 0
8.99563 41.485522 8.990494 41.482496 7 0
8.990494 41.482496 8.98377 41.473849 7 0
8.98377 41.473849 8.982432 41.477633 7 0
8.982432 41.477633 8.979639 41.479808 7 0
8.979639 41.479808 8.975453 41.480552 7 0
8.975453 41.480552 8.976464 41.483187 7 0
8.976464 41.483187 8.972882 41.485205 7 0
8.972882 41.485205 8.96485 41.483123 7 0
8.96485 41.483123 8.966613 41.488645 7 0
8.966613 41.488645 8.961471 41.49151 7 0
8.961471 41.49151 8.952695 41.492403 7 0
8.952695 41.492403 8.948164 41.489562 7 0
8.948164 41.489562 8.94024 41.4901 7 0
8.94024 41.4901 8.94024 41.4901 7 0
8.657024 42.003958 8.664541 42.004041 8 10
8.664541 42.004041 8.673487 42.005326 8 10
8.673487 42.005326 8.677701 42.009415 8 10
8.677701 42.009415 8.685447 42.0122 8 10
8.685447 42.0122 8.69726 42.015328 8 10
8.69726 42.015328 8.702661 42.018703 8 10
8.702661 42.018703 8.708265 42.019307 8 10
8.708265 42.019307 8.714216 42.018706 8 10
8.714216 42.018706 8.722118 42.020108 8 10
8.722118 42.020108 8.728871 42.022838 8 10
8.728871 42.022838 8.732969 42.023291 8 10
8.732969 42.023291 8.735949 42.019623 8 10
8.735949 42.019623 8.745435 42.017916 8 10
8.745435 42.017916 8.750069 42.020544 8 10
8.750069 42.020544 8.755099 42.021019 8 10
8.755099 42.021019 8.761883 42.01993 8 10
8.761883 42.01993 8.767895 42.020598 8 10
8.767895 42.020598 8.77623 42.019661 8 10
8.77623 42.019661 8.785301 42.019886 8 10
8.785301 42.019886 8.792195 42.022768 8 10
8.792195 42.022768 8.800812 42.024712 8 10
8.800812 42.024712 8.808955 42.027353 8 10
8.808955 42.027353 8.815145 42.03076 8 10
8.815145 42.03076 8.815848 42.034759 8 10
8.815848 42.034759 8.827788 42.039937 8 10
8.827788 42.039937 8.832075 42.040592 8 10
8.832075 42.040592 8.835329 42.038901 8 10
8.835329 42.038901 8.846451 42.045021 8 10
8.846451 42.045021 8.850298 42.046313 8 10
8.850298 42.046313 8.856954 42.04584 8 10
8.856954 42.04584 8.860634 42.047555 8 10
8.860634 42.047555 8.868478 42.048498 8 10
8.868478 42.048498 8.875418 42.052597 8 10
8.875418 42.052597 8.876511 42.056552 8 10
8.876511 42.056552 8.885047 42.061963 8 10
8.885047 42.061963 8.888734 42.067882 8 10
8.888734 42.067882 8.89694 42.072746 8 10
8.89694 42.072746 8.900828 42.071659 8 10
8.900828 42.071659 8.905536 42.07363 8 10
8.905536 42.07363 8.914653 42.074688 8 10
8.914653 42.074688 8.923213 42.077675 8 10
8.923213 42.077675 8.93384 42.086081 8 10
8.93384 42.086081 8.937639 42.085389 8 10
8.937639 42.085389 8.944433 42.089092 8 10
8.944433 42.089092 8.952536 42.092161 8 10
8.952536 42.092161 8.95685 42.092848 8 10
8.95685 42.092848 8.958262 42.100857 8 10
8.958262 42.100857 8.961774 42.099596 8 10
8.961774 42.099596 8.977093 42.104712 8 10
8.977093 42.104712 8.9804 42.11083 8 10
8.9804 42.11083 8.98689 42.113884 8 10
8.98689 42.113884 8.991995 42.113058 8 10
8.991995 42.113058 8.996933 42.113946 8 10
8.996933 42.113946 9.003497 42.112882 8 10
9.003497 42.112882 9.007419 42.117031 8 10
9.007419 42.117031 9.017265 42.118991 8 10
9.017265 42.118991 9.022969 42.121479 8 10
9.022969 42.121479 9.034184 42.124999 8 10
9.034184 42.124999 9.037532 42.126969 8 10
9.037532 42.126969 9.043365 42.126503 8 10
9.043365 42.126503 9.047309 42.125009 8 10
9.047309 42.125009 9.060663 42.127311 8 10
9.060663 42.127311 9.063033 42.128691 8 10
9.063033 42.128691 9.071488 42.129947 8 10
9.071488 42.129947 9.075729 42.129155 8 10
9.075729 42.129155 9.087193 42.121325 8 0
9.087193 42.121325 9.091235 42.116038 8 0
9.091235 42.116038 9.095076 42.114768 8 0
9.095076 42.114768 9.104433 42.116593 8 0
9.104433 42.116593 9.111743 42.113549 8 0
9.111743 42.113549 9.114364 42.109326 8 0
9.114364 42.109326 9.117763 42.109392 8 0
9.117763 42.109392 9.124716 42.104955 8 0
9.124716 42.104955 9.126544 42.096262 8 0
9.126544 42.096262 9.13349 42.090855 8 0
9.13349 42.090855 9.13468 42.088865 8 0
9.13468 42.088865 9.134102 42.080027 8 0
9.134102 42.080027 9.132896 42.075439 8 0
9.132896 42.075439 9.127955 42.0667 8 0
9.127955 42.0667 9.133601 42.059935 8 0
9.133601 42.059935 9.130694 42.054281 8 0
9.130694 42.054281 9.13685 42.051822 8 0
9.13685 42.051822 9.142363 42.048436 8 0
9.142363 42.048436 9.14101 42.046372 8 0
9.14101 42.046372 9.145844 42.041939 8 0
9.145844 42.041939 9.15219 42.040719 8 0
9.15219 42.040719 9.152302 42.036072 8 0
9.152302 42.036072 9.160228 42.026984 8 0
9.160228 42.026984 9.151741 42.019649 8 11
9.151741 42.019649 9.148715 42.012942 8 11
9.148715 42.012942 9.14293 42.00728 8 11
9.14293 42.00728 9.127317 42.001623 8 11
9.127317 42.001623 9.122129 41.995702 8 11
9.122129 41.995702 9.118648 41.993019 8 11
9.118648 41.993019 9.114201 41.994055 8 11
9.114201 41.994055 9.111173 41.989992 8 11
9.111173 41.989992 9.105219 41.989017 8 11
9.105219 41.989017 9.103186 41.986359 8 11
9.103186 41.986359 9.10053 41.979429 8 11
9.10053 41.979429 9.091339 41.975379 8 11
9.091339 41.975379 9.085851 41.974537 8 11
9.085851 41.974537 9.08315 41.968018 8 11
9.08315 41.968018 9.080462 41.965704 8 11
9.080462 41.965704 9.07554 41.964669 8 11
9.07554 41.964669 9.07093 41.961358 8 11
9.07093 41.961358 9.062367 41.964309 8 11
9.062367 41.964309 9.057815 41.961295 8 11
9.057815 41.961295 9.047818 41.95797 8 11
9.047818 41.95797 9.048138 41.952644 8 11
9.048138 41.952644 9.044948 41.945588 8 11
9.044948 41.945588 9.041733 41.946679 8 11
9.041733 41.946679 9.035922 41.944047 8 11
9.035922 41.944047 9.03662 41.940627 8 11
9.03662 41.940627 9.034395 41.936575 8 11
9.034395 41.936575 9.027307 41.931589 8 11
9.027307 41.931589 9.025443 41.928455 8 11
9.025443 41.928455 9.020176 41.927691 8 11
9.020176 41.927691 9.018067 41.924196 8 11
9.018067 41.924196 9.011895 41.922047 8 11
9.011895 41.922047 9.005425 41.914405 8 11
9.005425 41.914405 8.999447 41.911403 8 11
8.999447 41.911403 8.99224 41.911087 8 11
8.99224 41.911087 8.982721 41.905368 8 11
8.982721 41.905368 8.975406 41.90482 8 11
8.975406 41.90482 8.969572 41.903359 8 11
8.969572 41.903359 8.968666 41.900017 8 11
8.968666 41.900017 8.959063 41.897153 8 11
8.959063 41.897153 8.952351 41.903872 8 11
8.952351 41.903872 8.951564 41.912317 8 11
8.951564 41.912317 8.953117 41.915032 8 11
8.953117 41.915032 8.949859 41.920275 8 11
8.949859 41.920275 8.953632 41.924923 8 11
8.953632 41.924923 8.948707 41.931954 8 11
8.948707 41.931954 8.942932 41.9327 8 11
8.942932 41.9327 8.938664 41.930707 8 11
8.938664 41.930707 8.932594 41.933887 8 11
8.932594 41.933887 8.924171 41.935772 8 11
8.924171 41.935772 8.919706 41.935035 8 11
8.919706 41.935035 8.916795 41.932431 8 11
8.916795 41.932431 8.911532 41.932936 8 11
8.911532 41.932936 8.909754 41.935979 8 11
8.909754 41.935979 8.903887 41.937603 8 11
8.903887 41.937603 8.900498 41.936405 8 11
8.900498 41.936405 8.894155 41.930449 8 11
8.894155 41.930449 8.891189 41.929566 8 11
8.891189 41.929566 8.884648 41.929982 8 11
8.884648 41.929982 8.872226 41.932824 8 11
8.872226 41.932824 8.870703 41.928576 8 11
8.870703 41.928576 8.863993 41.926337 8 11
8.863993 41.926337 8.854982 41.936668 8 0
8.854982 41.936668 8.853809 41.943642 8 0
8.853809 41.943642 8.864437 41.94615 8 0
8.864437 41.94615 8.869285 41.949834 8 0
8.869285 41.949834 8.87185 41.953858 8 0
8.87185 41.953858 8.862856 41.957196 8 0
8.862856 41.957196 8.849267 41.957139 8 0
8.849267 41.957139 8.841485 41.958529 8 0
8.841485 41.958529 8.834444 41.957828 8 0
8.834444 41.957828 8.826798 41.961601 8 0
8.826798 41.961601 8.822499 41.959532 8 0
8.822499 41.959532 8.821683 41.956191 8 0
8.821683 41.956191 8.818825 41.955378 8 0
8.818825 41.955378 8.817239 41.951322 8 0
8.817239 41.951322 8.813769 41.947437 8 0
8.813769 41.947437 8.797089 41.950271 8 0
8.797089 41.950271 8.786023 41.950223 8 0
8.786023 41.950223 8.784451 41.9554 8 0
8.784451 41.9554 8.787827 41.956753 8 0
8.787827 41.956753 8.789285 41.961192 8 0
8.789285 41.961192 8.788139 41.962854 8 0
8.788139 41.962854 8.789999 41.966692 8 0
8.789999 41.966692 8.788811 41.969627 8 0
8.788811 41.969627 8.781167 41.970878 8 0
8.781167 41.970878 8.78147 41.975864 8 0
8.78147 41.975864 8.778692 41.981576 8 0
8.778692 41.981576 8.771769 41.989236 8 0
8.771769 41.989236 8.752865 41.989026 8 0
8.752865 41.989026 8.749713 41.993033 8 0
8.749713 41.993033 8.742488 41.994077 8 0
8.742488 41.994077 8.726706 41.993484 8 0
8.726706 41.993484 8.717142 41.991471 8 0
8.717142 41.991471 8.714935 41.989473 8 0
8.714935 41.989473 8.708811 41.990308 8 0
8.708811 41.990308 8.70342 41.988018 8 0
8.70342 41.988018 8.696007 41.988149 8 0
8.696007 41.988149 8.687759 41.98465 8 0
8.687759 41.98465 8.683921 41.985517 8 0
8.683921 41.985517 8.678772 41.988844 8 0
8.678772 41.988844 8.669521 41.989648 8 0
8.669521 41.989648 8.667711 41.993198 8 0
8.667711 41.993198 8.658847 41.991433 8 0
8.658847 41.991433 8.657931 41.995654 8 0
8.657931 41.995654 8.652593 41.998759 8 0
8.652593 41.998759 8.657024 42.003958 8 0
8.657024 42.003958 8.657024 42.003958 8 0
8.824176 41.710162 8.828478 41.710554 9 11
8.828478 41.710554 8.828436 41.713422 9 11
8.828436 41.713422 8.835955 41.720378 9 11
8.835955 41.720378 8.840368 41.723169 9 11
8.840368 41.723169 8.846009 41.72504 9 11
8.846009 41.72504 8.85163 41.722969 9 11
8.85163 41.722969 8.856604 41.722676 9 11
8.856604 41.722676 8.862707 41.720711 9 11
8.862707 41.720711 8.865958 41.724955 9 11
8.865958 41.724955 8.87258 41.720233 9 11
8.87258 41.720233 8.874605 41.722445 9 11
8.874605 41.722445 8.879941 41.723672 9 11
8.879941 41.723672 8.880336 41.726052 9 11
8.880336 41.726052 8.885056 41.72634 9 11
8.885056 41.72634 8.891028 41.729745 9 11
8.891028 41.729745 8.896132 41.726383 9 11
8.896132 41.726383 8.90435 41.728449 9 11
8.90435 41.728449 8.909548 41.72896 9 11
8.909548 41.72896 8.91368 41.732471 9 11
8.91368 41.732471 8.916476 41.737308 9 11
8.916476 41.737308 8.921702 41.739651 9 11
8.921702 41.739651 8.928162 41.736526 9 11
8.928162 41.736526 8.933123 41.738089 9 11
8.933123 41.738089 8.946831 41.739143 9 11
8.946831 41.739143 8.95315 41.743134 9 11
8.95315 41.743134 8.963909 41.731438 9 11
8.963909 41.731438 8.964446 41.72743 9 11
8.964446 41.72743 8.962732 41.722709 9 11
8.962732 41.722709 8.967677 41.720979 9 11
8.967677 41.720979 8.975827 41.724379 9 11
8.975827 41.724379 8.9798 41.727445 9 11
8.9798 41.727445 8.988696 41.728119 9 11
8.988696 41.728119 9.008037 41.739708 9 11
9.008037 41.739708 9.021161 41.755607 9 11
9.021161 41.755607 9.024177 41.758101 9 11
9.024177 41.758101 9.026481 41.762381 9 11
9.026481 41.762381 9.034423 41.770458 9 11
9.034423 41.770458 9.033804 41.774864 9 11
9.033804 41.774864 9.03747 41.781799 9 11
9.03747 41.781799 9.042369 41.784813 9 11
9.042369 41.784813 9.048684 41.786977 9 11
9.048684 41.786977 9.048841 41.790262 9 11
9.048841 41.790262 9.055034 41.795541 9 11
9.055034 41.795541 9.059082 41.800398 9 11
9.059082 41.800398 9.060518 41.80431 9 11
9.060518 41.80431 9.062981 41.805077 9 11
9.062981 41.805077 9.065455 41.811451 9 11
9.065455 41.811451 9.070124 41.815471 9 11
9.070124 41.815471 9.069837 41.819344 9 11
9.069837 41.819344 9.075977 41.822866 9 11
9.075977 41.822866 9.081573 41.821227 9 11
9.081573 41.821227 9.087219 41.822788 9 11
9.087219 41.822788 9.092525 41.826697 9 11
9.092525 41.826697 9.097974 41.834173 9 11
9.097974 41.834173 9.101517 41.837094 9 11
9.101517 41.837094 9.10752 41.837817 9 11
9.10752 41.837817 9.111305 41.841449 9 11
9.111305 41.841449 9.111119 41.845137 9 11
9.111119 41.845137 9.119298 41.854166 9 11
9.119298 41.854166 9.119385 41.858541 9 11
9.119385 41.858541 9.123188 41.856909 9 11
9.123188 41.856909 9.130276 41.856104 9 11
9.130276 41.856104 9.133529 41.858533 9 11
9.133529 41.858533 9.143611 41.86094 9 11
9.143611 41.86094 9.144472 41.852712 9 11
9.144472 41.852712 9.140241 41.849976 9 11
9.140241 41.849976 9.147221 41.84821 9 11
9.147221 41.84821 9.147398 41.846466 9 11
9.147398 41.846466 9.158601 41.840077 9 11
9.158601 41.840077 9.163356 41.8391 9 11
9.163356 41.8391 9.176805 41.841584 9 11
9.176805 41.841584 9.185369 41.839725 9 11
9.185369 41.839725 9.193311 41.836738 9 11
9.193311 41.836738 9.204295 41.846254 9 11
9.204295 41.846254 9.209181 41.851731 9 11
9.209181 41.851731 9.217187 41.852389 9 11
9.217187 41.852389 9.227497 41.855586 9 11
9.227497 41.855586 9.231355 41.853105 9 0
9.231355 41.853105 9.232205 41.849525 9 0
9.232205 41.849525 9.236975 41.846753 9 0
9.236975 41.846753 9.24468 41.850161 9 0
9.24468 41.850161 9.248693 41.846216 9 0
9.248693 41.846216 9.260819 41.84509 9 0
9.260819 41.84509 9.268791 41.841099 9 0
9.268791 41.841099 9.277719 41.841906 9 0
9.277719 41.841906 9.288273 41.845184 9 0
9.288273 41.845184 9.291387 41.842631 9 0
9.291387 41.842631 9.298013 41.845162 9 0
9.298013 41.845162 9.302375 41.844717 9 0
9.302375 41.844717 9.303686 41.842199 9 0
9.303686 41.842199 9.307935 41.84121 9 0
9.307935 41.84121 9.307608 41.835724 9 0
9.307608 41.835724 9.309117 41.832207 9 0
9.309117 41.832207 9.304401 41.831141 9 0
9.304401 41.831141 9.306413 41.828078 9 0
9.306413 41.828078 9.299827 41.825335 9 0
9.299827 41.825335 9.293743 41.818555 9 0
9.293743 41.818555 9.283387 41.815886 9 0
9.283387 41.815886 9.28119 41.814013 9 0
9.28119 41.814013 9.276366 41.813305 9 0
9.276366 41.813305 9.275815 41.810411 9 0
9.275815 41.810411 9.272598 41.807831 9 0
9.272598 41.807831 9.267774 41.808193 9 0
9.267774 41.808193 9.261023 41.802783 9 0
9.261023 41.802783 9.259065 41.798465 9 0
9.259065 41.798465 9.250366 41.794805 9 0
9.250366 41.794805 9.246912 41.788801 9 0
9.246912 41.788801 9.238997 41.784382 9 0
9.238997 41.784382 9.235596 41.781377 9 0
9.235596 41.781377 9.231324 41.784628 9 0
9.231324 41.784628 9.225375 41.792061 9 0
9.225375 41.792061 9.224638 41.795933 9 0
9.224638 41.795933 9.219113 41.794674 9 0
9.219113 41.794674 9.216518 41.791047 9 0
9.216518 41.791047 9.21108 41.786208 9 0
9.21108 41.786208 9.206108 41.786716 9 0
9.206108 41.786716 9.202589 41.784544 9 0
9.202589 41.784544 9.200706 41.778425 9 0
9.200706 41.778425 9.196975 41.777687 9 0
9.196975 41.777687 9.194409 41.774948 9 0
9.194409 41.774948 9.186026 41.772513 9 0
9.186026 41.772513 9.180192 41.772238 9 0
9.180192 41.772238 9.170672 41.765912 9 0
9.170672 41.765912 9.165872 41.764417 9 0
9.165872 41.764417 9.161823 41.761208 9 0
9.161823 41.761208 9.160845 41.75802 9 0
9.160845 41.75802 9.154221 41.752198 9 0
9.154221 41.752198 9.151055 41.751648 9 0
9.151055 41.751648 9.149756 41.746833 9 0
9.149756 41.746833 9.146877 41.746973 9 0
9.146877 41.746973 9.144706 41.743449 9 0
9.144706 41.743449 9.140997 41.742987 9 0
9.140997 41.742987 9.136919 41.738231 9 0
9.136919 41.738231 9.133306 41.735035 9 0
9.133306 41.735035 9.127042 41.734944 9 0
9.127042 41.734944 9.124678 41.737507 9 0
9.124678 41.737507 9.118078 41.735184 9 0
9.118078 41.735184 9.116139 41.736508 9 0
9.116139 41.736508 9.112147 41.732493 9 0
9.112147 41.732493 9.105048 41.734655 9 0
9.105048 41.734655 9.100169 41.729564 9 0
9.100169 41.729564 9.094533 41.72704 9 0
9.094533 41.72704 9.090867 41.721438 9 0
9.090867 41.721438 9.09804 41.718926 9 0
9.09804 41.718926 9.096265 41.713626 9 0
9.096265 41.713626 9.091925 41.709717 9 0
9.091925 41.709717 9.097757 41.703706 9 0
9.097757 41.703706 9.098675 41.699638 9 0
9.098675 41.699638 9.096608 41.696036 9 0
9.096608 41.696036 9.099954 41.692756 9 0
9.099954 41.692756 9.096083 41.686437 9 0
9.096083 41.686437 9.100696 41.679062 9 0
9.100696 41.679062 9.097947 41.672673 9 0
9.097947 41.672673 9.094751 41.671971 9 0
9.094751 41.671971 9.098373 41.664208 9 0
9.098373 41.664208 9.10132 41.663303 9 0
9.10132 41.663303 9.101569 41.659155 9 0
9.101569 41.659155 9.093144 41.656323 9 0
9.093144 41.656323 9.086725 41.651904 9 0
9.086725 41.651904 9.082481 41.65166 9 0
9.082481 41.65166 9.080076 41.64972 9 0
9.080076 41.64972 9.081418 41.64601 9 0
9.081418 41.64601 9.077256 41.640503 9 0
9.077256 41.640503 9.077024 41.627767 9 0
9.077024 41.627767 9.074697 41.624003 9 0
9.074697 41.624003 9.064726 41.616807 9 0
9.064726 41.616807 9.055125 41.61271 9 0
9.055125 41.61271 9.048009 41.612002 9 0
9.048009 41.612002 9.046866 41.607878 9 0
9.046866 41.607878 9.051078 41.605136 9 0
9.051078 41.605136 9.055552 41.604076 9 0
9.055552 41.604076 9.05998 41.594983 9 0
9.05998 41.594983 9.063825 41.592376 9 0
9.063825 41.592376 9.068782 41.591373 9 0
9.068782 41.591373 9.069383 41.589306 9 0
9.069383 41.589306 9.075115 41.587009 9 0
9.075115 41.587009 9.081363 41.585955 9 0
9.081363 41.585955 9.081072 41.58262 9 0
9.081072 41.58262 9.077011 41.577585 9 0
9.077011 41.577585 9.076533 41.572154 9 0
9.076533 41.572154 9.072009 41.570621 9 0
9.072009 41.570621 9.048864 41.569832 9 0
9.048864 41.569832 9.040209 41.570676 9 0
9.040209 41.570676 9.037432 41.566334 9 0
9.037432 41.566334 9.032617 41.565585 9 0
9.032617 41.565585 9.02582 41.560816 9 0
9.02582 41.560816 9.022426 41.560821 9 0
9.022426 41.560821 9.020309 41.557296 9 0
9.020309 41.557296 9.015941 41.553661 9 0
9.015941 41.553661 9.014846 41.54712 9 0
9.014846 41.54712 9.011683 41.543005 9 0
9.011683 41.543005 9.004907 41.539205 9 0
9.004907 41.539205 8.996175 41.535764 9 0
8.996175 41.535764 8.992453 41.531299 9 0
8.992453 41.531299 8.989009 41.529091 9 0
8.989009 41.529091 8.97991 41.518956 9 0
8.97991 41.518956 8.977297 41.512533 9 0
8.977297 41.512533 8.971544 41.508359 9 0
8.971544 41.508359 8.966603 41.507138 9 0
8.966603 41.507138 8.964288 41.508395 9 0
8.964288 41.508395 8.958685 41.506906 9 0
8.958685 41.506906 8.958049 41.504785 9 0
8.958049 41.504785 8.947665 41.496808 9 0
8.947665 41.496808 8.944339 41.495437 9 0
8.944339 41.495437 8.94024 41.4901 9 0
8.94024 41.4901 8.937257 41.4912 9 0
8.937257 41.4912 8.93636 41.495524 9 0
8.93636 41.495524 8.931747 41.495625 9 0
8.931747 41.495625 8.926901 41.489935 9 0
8.926901 41.489935 8.919883 41.490016 9 0
8.919883 41.490016 8.922372 41.494264 9 0
8.922372 41.494264 8.919193 41.501915 9 0
8.919193 41.501915 8.916632 41.505999 9 0
8.916632 41.505999 8.911319 41.508418 9 0
8.911319 41.508418 8.909893 41.50682 9 0
8.909893 41.50682 8.900159 41.508818 9 0
8.900159 41.508818 8.896017 41.50749 9 0
8.896017 41.50749 8.892239 41.508377 9 0
8.892239 41.508377 8.886309 41.505545 9 0
8.886309 41.505545 8.882453 41.50842 9 0
8.882453 41.50842 8.886231 41.512168 9 0
8.886231 41.512168 8.890943 41.514958 9 0
8.890943 41.514958 8.890009 41.517204 9 0
8.890009 41.517204 8.885007 41.517525 9 0
8.885007 41.517525 8.88407 41.519907 9 0
8.88407 41.519907 8.877884 41.524283 9 0
8.877884 41.524283 8.874139 41.524822 9 0
8.874139 41.524822 8.86558 41.520237 9 0
8.86558 41.520237 8.843577 41.518459 9 0
8.843577 41.518459 8.841015 41.522032 9 0
8.841015 41.522032 8.844615 41.52725 9 0
8.844615 41.52725 8.850935 41.53232 9 0
8.850935 41.53232 8.855915 41.534077 9 0
8.855915 41.534077 8.854307 41.53724 9 0
8.854307 41.53724 8.851082 41.538765 9 0
8.851082 41.538765 8.851071 41.541811 9 0
8.851071 41.541811 8.843676 41.541442 9 0
8.843676 41.541442 8.842694 41.546805 9 0
8.842694 41.546805 8.83718 41.545342 9 0
8.83718 41.545342 8.83312 41.54717 9 0
8.83312 41.54717 8.827499 41.545038 9 0
8.827499 41.545038 8.822468 41.544363 9 0
8.822468 41.544363 8.819688 41.546545 9 0
8.819688 41.546545 8.813496 41.548832 9 0
8.813496 41.548832 8.813153 41.552555 9 0
8.813153 41.552555 8.81024 41.554845 9 0
8.81024 41.554845 8.804389 41.556383 9 0
8.804389 41.556383 8.798606 41.55675 9 0
8.798606 41.55675 8.795367 41.5551 9 0
8.795367 41.5551 8.788974 41.557595 9 0
8.788974 41.557595 8.787248 41.562992 9 0
8.787248 41.562992 8.798357 41.57146 9 0
8.798357 41.57146 8.798522 41.574969 9 0
8.798522 41.574969 8.79484 41.578576 9 0
8.79484 41.578576 8.791529 41.579305 9 0
8.791529 41.579305 8.792772 41.583812 9 0
8.792772 41.583812 8.791821 41.586087 9 0
8.791821 41.586087 8.786857 41.585689 9 0
8.786857 41.585689 8.781239 41.586895 9 0
8.781239 41.586895 8.780084 41.594403 9 0
8.780084 41.594403 8.785217 41.597199 9 0
8.785217 41.597199 8.7859 41.601945 9 0
8.7859 41.601945 8.791765 41.607199 9 0
8.791765 41.607199 8.790525 41.616587 9 0
8.790525 41.616587 8.785668 41.618306 9 0
8.785668 41.618306 8.793052 41.621686 9 0
8.793052 41.621686 8.795314 41.625055 9 0
8.795314 41.625055 8.791337 41.62745 9 0
8.791337 41.62745 8.794655 41.631764 9 0
8.794655 41.631764 8.801682 41.633601 9 0
8.801682 41.633601 8.806358 41.641578 9 0
8.806358 41.641578 8.810329 41.639079 9 0
8.810329 41.639079 8.809986 41.634929 9 0
8.809986 41.634929 8.811591 41.631367 9 0
8.811591 41.631367 8.814503 41.629912 9 0
8.814503 41.629912 8.821609 41.629918 9 0
8.821609 41.629918 8.825896 41.635468 9 0
8.825896 41.635468 8.833135 41.638374 9 0
8.833135 41.638374 8.840877 41.639693 9 0
8.840877 41.639693 8.842196 41.642941 9 0
8.842196 41.642941 8.846328 41.64235 9 0
8.846328 41.64235 8.850859 41.645494 9 0
8.850859 41.645494 8.851412 41.647993 9 0
8.851412 41.647993 8.856418 41.646324 9 0
8.856418 41.646324 8.862922 41.648531 9 0
8.862922 41.648531 8.869577 41.645928 9 0
8.869577 41.645928 8.87503 41.649031 9 0
8.87503 41.649031 8.877888 41.653838 9 0
8.877888 41.653838 8.881218 41.669682 9 0
8.881218 41.669682 8.882914 41.671563 9 0
8.882914 41.671563 8.889974 41.671687 9 0
8.889974 41.671687 8.893446 41.675837 9 0
8.893446 41.675837 8.899263 41.675904 9 0
8.899263 41.675904 8.909067 41.677284 9 0
8.909067 41.677284 8.918067 41.682242 9 0
8.918067 41.682242 8.917511 41.68746 9 0
8.917511 41.68746 8.914591 41.691273 9 0
8.914591 41.691273 8.906086 41.6911 9 0
8.906086 41.6911 8.899447 41.689595 9 0
8.899447 41.689595 8.890008 41.689041 9 0
8.890008 41.689041 8.886432 41.689532 9 0
8.886432 41.689532 8.883258 41.693819 9 0
8.883258 41.693819 8.878225 41.696031 9 0
8.878225 41.696031 8.874609 41.693725 9 0
8.874609 41.693725 8.869733 41.696423 9 0
8.869733 41.696423 8.86021 41.695777 9 0
8.86021 41.695777 8.856961 41.697672 9 0
8.856961 41.697672 8.850061 41.69607 9 0
8.850061 41.69607 8.843669 41.696774 9 0
8.843669 41.696774 8.836253 41.700303 9 0
8.836253 41.700303 8.832117 41.704743 9 0
8.832117 41.704743 8.824176 41.710162 9 0
8.824176 41.710162 8.824176 41.710162 9 0
8.574384 42.382172 8.57817 42.380488 10 0
8.57817 42.380488 8.585998 42.379479 10 0
8.585998 42.379479 8.588857 42.375657 10 0
8.588857 42.375657 8.594672 42.370811 10 0
8.594672 42.370811 8.600886 42.369547 10 0
8.600886 42.369547 8.610763 42.373879 10 0
8.610763 42.373879 8.61442 42.373335 10 0
8.61442 42.373335 8.618555 42.374652 10 0
8.618555 42.374652 8.62038 42.371653 10 0
8.62038 42.371653 8.633411 42.372182 10 0
8.633411 42.372182 8.6402 42.373589 10 0
8.6402 42.373589 8.64364 42.367126 10 0
8.64364 42.367126 8.649791 42.362276 10 0
8.649791 42.362276 8.664651 42.358717 10 0
8.664651 42.358717 8.674853 42.360412 10 0
8.674853 42.360412 8.680818 42.360196 10 0
8.680818 42.360196 8.683109 42.354206 10 0
8.683109 42.354206 8.681616 42.35124 10 0
8.681616 42.35124 8.685902 42.349221 10 0
8.685902 42.349221 8.695431 42.347909 10 0
8.695431 42.347909 8.705836 42.347565 10 0
8.705836 42.347565 8.714463 42.349541 10 0
8.714463 42.349541 8.716445 42.346302 10 0
8.716445 42.346302 8.724493 42.343565 10 0
8.724493 42.343565 8.729521 42.339337 10 0
8.729521 42.339337 8.738329 42.340038 10 0
8.738329 42.340038 8.742295 42.337877 10 0
8.742295 42.337877 8.75042 42.338968 10 0
8.75042 42.338968 8.758639 42.338312 10 0
8.758639 42.338312 8.762991 42.330916 10 0
8.762991 42.330916 8.765748 42.329963 10 0
8.765748 42.329963 8.770966 42.325004 10 0
8.770966 42.325004 8.789584 42.32673 10 0
8.789584 42.32673 8.792281 42.323308 10 0
8.792281 42.323308 8.801066 42.322818 10 0
8.801066 42.322818 8.807579 42.319905 10 0
8.807579 42.319905 8.819528 42.318048 10 0
8.819528 42.318048 8.822603 42.316912 10 0
8.822603 42.316912 8.831177 42.320542 10 0
8.831177 42.320542 8.837268 42.323984 10 0
8.837268 42.323984 8.841836 42.324821 10 0
8.841836 42.324821 8.844733 42.32743 10 0
8.844733 42.32743 8.856425 42.33089 10 0
8.856425 42.33089 8.861207 42.329794 10 0
8.861207 42.329794 8.859675 42.324667 10 0
8.859675 42.324667 8.862243 42.320475 10 0
8.862243 42.320475 8.860309 42.314669 10 0
8.860309 42.314669 8.861267 42.30795 10 0
8.861267 42.30795 8.858513 42.301829 10 0
8.858513 42.301829 8.862745 42.296914 10 0
8.862745 42.296914 8.870326 42.296393 10 0
8.870326 42.296393 8.878405 42.29316 10 0
8.878405 42.29316 8.87825 42.290124 10 0
8.87825 42.290124 8.886294 42.282101 10 0
8.886294 42.282101 8.88286 42.275048 10 0
8.88286 42.275048 8.882355 42.271268 10 0
8.882355 42.271268 8.888552 42.267599 10 0
8.888552 42.267599 8.891703 42.263792 10 0
8.891703 42.263792 8.899647 42.258983 10 0
8.899647 42.258983 8.906291 42.253999 10 0
8.906291 42.253999 8.915447 42.25503 10 0
8.915447 42.25503 8.922904 42.257882 10 0
8.922904 42.257882 8.926502 42.254663 10 0
8.926502 42.254663 8.927244 42.251392 10 0
8.927244 42.251392 8.933866 42.249926 10 0
8.933866 42.249926 8.937625 42.244774 10 0
8.937625 42.244774 8.939606 42.238083 10 0
8.939606 42.238083 8.945175 42.234986 10 0
8.945175 42.234986 8.961286 42.232722 10 0
8.961286 42.232722 8.967195 42.233121 10 0
8.967195 42.233121 8.977183 42.231008 10 0
8.977183 42.231008 8.979002 42.223076 10 0
8.979002 42.223076 8.982812 42.224289 10 0
8.982812 42.224289 8.987978 42.219335 10 0
8.987978 42.219335 8.993309 42.215798 10 0
8.993309 42.215798 9.000514 42.215609 10 0
9.000514 42.215609 9.006038 42.212508 10 0
9.006038 42.212508 9.005512 42.208661 10 0
9.005512 42.208661 9.014139 42.208195 10 0
9.014139 42.208195 9.022048 42.203174 10 0
9.022048 42.203174 9.027115 42.203514 10 0
9.027115 42.203514 9.03411 42.206251 10 0
9.03411 42.206251 9.0459 42.207183 10 0
9.0459 42.207183 9.047612 42.202759 10 0
9.047612 42.202759 9.046627 42.200424 10 0
9.046627 42.200424 9.051829 42.18729 10 0
9.051829 42.18729 9.047961 42.18284 10 0
9.047961 42.18284 9.049612 42.177468 10 0
9.049612 42.177468 9.047595 42.174142 10 0
9.047595 42.174142 9.049038 42.170432 10 0
9.049038 42.170432 9.056611 42.169528 10 0
9.056611 42.169528 9.064557 42.167078 10 0
9.064557 42.167078 9.065831 42.165754 10 0
9.065831 42.165754 9.066005 42.158469 10 0
9.066005 42.158469 9.072827 42.153567 10 0
9.072827 42.153567 9.072519 42.146276 10 0
9.072519 42.146276 9.076559 42.135865 10 0
9.076559 42.135865 9.075729 42.129155 10 0
9.075729 42.129155 9.071488 42.129947 10 0
9.071488 42.129947 9.063033 42.128691 10 0
9.063033 42.128691 9.060663 42.127311 10 0
9.060663 42.127311 9.047309 42.125009 10 0
9.047309 42.125009 9.043365 42.126503 10 0
9.043365 42.126503 9.037532 42.126969 10 0
9.037532 42.126969 9.034184 42.124999 10 0
9.034184 42.124999 9.022969 42.121479 10 0
9.022969 42.121479 9.017265 42.118991 10 0
9.017265 42.118991 9.007419 42.117031 10 0
9.007419 42.117031 9.003497 42.112882 10 0
9.003497 42.112882 8.996933 42.113946 10 0
8.996933 42.113946 8.991995 42.113058 10 0
8.991995 42.113058 8.98689 42.113884 10 0
8.98689 42.113884 8.9804 42.11083 10 0
8.9804 42.11083 8.977093 42.104712 10 0
8.977093 42.104712 8.961774 42.099596 10 0
8.961774 42.099596 8.958262 42.100857 10 0
8.958262 42.100857 8.95685 42.092848 10 0
8.95685 42.092848 8.952536 42.092161 10 0
8.952536 42.092161 8.944433 42.089092 10 0
8.944433 42.089092 8.937639 42.085389 10 0
8.937639 42.085389 8.93384 42.086081 10 0
8.93384 42.086081 8.923213 42.077675 10 0
8.923213 42.077675 8.914653 42.074688 10 0
8.914653 42.074688 8.905536 42.07363 10 0
8.905536 42.07363 8.900828 42.071659 10 0
8.900828 42.071659 8.89694 42.072746 10 0
8.89694 42.072746 8.888734 42.067882 10 0
8.888734 42.067882 8.885047 42.061963 10 0
8.885047 42.061963 8.876511 42.056552 10 0
8.876511 42.056552 8.875418 42.052597 10 0
8.875418 42.052597 8.868478 42.048498 10 0
8.868478 42.048498 8.860634 42.047555 10 0
8.860634 42.047555 8.856954 42.04584 10 0
8.856954 42.04584 8.850298 42.046313 10 0
8.850298 42.046313 8.846451 42.045021 10 0
8.846451 42.045021 8.835329 42.038901 10 0
8.835329 42.038901 8.832075 42.040592 10 0
8.832075 42.040592 8.827788 42.039937 10 0
8.827788 42.039937 8.815848 42.034759 10 0
8.815848 42.034759 8.815145 42.03076 10 0
8.815145 42.03076 8.808955 42.027353 10 0
8.808955 42.027353 8.800812 42.024712 10 0
8.800812 42.024712 8.792195 42.022768 10 0
8.792195 42.022768 8.785301 42.019886 10 0
8.785301 42.019886 8.77623 42.019661 10 0
8.77623 42.019661 8.767895 42.020598 10 0
8.767895 42.020598 8.761883 42.01993 10 0
8.761883 42.01993 8.755099 42.021019 10 0
8.755099 42.021019 8.750069 42.020544 10 0
8.750069 42.020544 8.745435 42.017916 10 0
8.745435 42.017916 8.735949 42.019623 10 0
8.735949 42.019623 8.732969 42.023291 10 0
8.732969 42.023291 8.728871 42.022838 10 0
8.728871 42.022838 8.722118 42.020108 10 0
8.722118 42.020108 8.714216 42.018706 10 0
8.714216 42.018706 8.708265 42.019307 10 0
8.708265 42.019307 8.702661 42.018703 10 0
8.702661 42.018703 8.69726 42.015328 10 0
8.69726 42.015328 8.685447 42.0122 10 0
8.685447 42.0122 8.677701 42.009415 10 0
8.677701 42.009415 8.673487 42.005326 10 0
8.673487 42.005326 8.664541 42.004041 10 0
8.664541 42.004041 8.657024 42.003958 10 0
8.657024 42.003958 8.655522 42.005246 10 0
8.655522 42.005246 8.657755 42.010645 10 0
8.657755 42.010645 8.670786 42.019924 10 0
8.670786 42.019924 8.678011 42.020715 10 0
8.678011 42.020715 8.683166 42.022526 10 0
8.683166 42.022526 8.685211 42.026639 10 0
8.685211 42.026639 8.691745 42.028068 10 0
8.691745 42.028068 8.700706 42.026038 10 0
8.700706 42.026038 8.704141 42.027716 10 0
8.704141 42.027716 8.713431 42.029023 10 0
8.713431 42.029023 8.725713 42.035387 10 0
8.725713 42.035387 8.723017 42.041495 10 0
8.723017 42.041495 8.727829 42.043432 10 0
8.727829 42.043432 8.735763 42.040242 10 0
8.735763 42.040242 8.741467 42.040966 10 0
8.741467 42.040966 8.745325 42.044986 10 0
8.745325 42.044986 8.74728 42.049506 10 0
8.74728 42.049506 8.74375 42.054249 10 0
8.74375 42.054249 8.744195 42.05861 10 0
8.744195 42.05861 8.735262 42.065396 10 0
8.735262 42.065396 8.72939 42.063268 10 0
8.72939 42.063268 8.715913 42.063326 10 0
8.715913 42.063326 8.721128 42.066424 10 0
8.721128 42.066424 8.719768 42.072813 10 0
8.719768 42.072813 8.713702 42.083441 10 0
8.713702 42.083441 8.71007 42.08664 10 0
8.71007 42.08664 8.705593 42.086115 10 0
8.705593 42.086115 8.707969 42.094078 10 0
8.707969 42.094078 8.71037 42.096523 10 0
8.71037 42.096523 8.705683 42.103699 10 0
8.705683 42.103699 8.701195 42.105227 10 0
8.701195 42.105227 8.701176 42.112091 10 0
8.701176 42.112091 8.696395 42.114503 10 0
8.696395 42.114503 8.690321 42.115482 10 0
8.690321 42.115482 8.68749 42.110585 10 0
8.68749 42.110585 8.682991 42.108613 10 0
8.682991 42.108613 8.678967 42.104922 10 0
8.678967 42.104922 8.675107 42.106949 10 0
8.675107 42.106949 8.663907 42.106181 10 0
8.663907 42.106181 8.662555 42.102849 10 0
8.662555 42.102849 8.659658 42.101386 10 0
8.659658 42.101386 8.658427 42.108873 10 0
8.658427 42.108873 8.651996 42.11389 10 0
8.651996 42.11389 8.650798 42.118176 10 0
8.650798 42.118176 8.646818 42.121115 10 0
8.646818 42.121115 8.636827 42.119801 10 0
8.636827 42.119801 8.635081 42.123645 10 0
8.635081 42.123645 8.629915 42.122474 10 0
8.629915 42.122474 8.620939 42.124498 10 0
8.620939 42.124498 8.617641 42.128081 10 0
8.617641 42.128081 8.61832 42.12988 10 0
8.61832 42.12988 8.615369 42.133335 10 0
8.615369 42.133335 8.611568 42.134606 10 0
8.611568 42.134606 8.602964 42.131753 10 0
8.602964 42.131753 8.599166 42.132509 10 0
8.599166 42.132509 8.596051 42.129687 10 0
8.596051 42.129687 8.580912 42.129107 10 0
8.580912 42.129107 8.586376 42.137213 10 0
8.586376 42.137213 8.589816 42.138509 10 0
8.589816 42.138509 8.593925 42.143144 10 0
8.593925 42.143144 8.590613 42.148522 10 0
8.590613 42.148522 8.585764 42.151585 10 0
8.585764 42.151585 8.578695 42.151303 10 0
8.578695 42.151303 8.573515 42.152182 10 0
8.573515 42.152182 8.569568 42.149215 10 0
8.569568 42.149215 8.563916 42.147901 10 0
8.563916 42.147901 8.560345 42.145609 10 0
8.560345 42.145609 8.557957 42.146634 10 0
8.557957 42.146634 8.56408 42.1527 10 0
8.56408 42.1527 8.570053 42.154094 10 0
8.570053 42.154094 8.582786 42.158761 10 0
8.582786 42.158761 8.584488 42.162232 10 0
8.584488 42.162232 8.589317 42.162378 10 0
8.589317 42.162378 8.593243 42.16881 10 0
8.593243 42.16881 8.589949 42.171365 10 0
8.589949 42.171365 8.585282 42.171651 10 0
8.585282 42.171651 8.583402 42.170058 10 0
8.583402 42.170058 8.567879 42.169358 10 0
8.567879 42.169358 8.561655 42.17126 10 0
8.561655 42.17126 8.561984 42.173572 10 0
8.561984 42.173572 8.565771 42.174869 10 0
8.565771 42.174869 8.56541 42.177178 10 0
8.56541 42.177178 8.582658 42.178269 10 0
8.582658 42.178269 8.585413 42.179049 10 0
8.585413 42.179049 8.586078 42.182902 10 0
8.586078 42.182902 8.581412 42.183911 10 0
8.581412 42.183911 8.579994 42.189553 10 0
8.579994 42.189553 8.577022 42.195446 10 0
8.577022 42.195446 8.580805 42.197513 10 0
8.580805 42.197513 8.581974 42.203421 10 0
8.581974 42.203421 8.580988 42.206447 10 0
8.580988 42.206447 8.577266 42.207727 10 0
8.577266 42.207727 8.569299 42.204813 10 0
8.569299 42.204813 8.572263 42.213375 10 0
8.572263 42.213375 8.575233 42.212033 10 0
8.575233 42.212033 8.578076 42.214969 10 0
8.578076 42.214969 8.569606 42.219889 10 0
8.569606 42.219889 8.570439 42.222437 10 0
8.570439 42.222437 8.574481 42.225455 10 0
8.574481 42.225455 8.574269 42.227837 10 0
8.574269 42.227837 8.569188 42.23071 10 0
8.569188 42.23071 8.565046 42.230309 10 0
8.565046 42.230309 8.560197 42.232344 10 0
8.560197 42.232344 8.557576 42.228828 10 0
8.557576 42.228828 8.552632 42.227566 10 0
8.552632 42.227566 8.547953 42.22973 10 0
8.547953 42.22973 8.549492 42.232046 10 0
8.549492 42.232046 8.541527 42.234966 10 0
8.541527 42.234966 8.545636 42.239988 10 0
8.545636 42.239988 8.552204 42.239244 10 0
8.552204 42.239244 8.556717 42.236052 10 0
8.556717 42.236052 8.568438 42.239434 10 0
8.568438 42.239434 8.57397 42.238685 10 0
8.57397 42.238685 8.577396 42.242933 10 0
8.577396 42.242933 8.584294 42.244498 10 0
8.584294 42.244498 8.590857 42.24465 10 0
8.590857 42.24465 8.600159 42.248661 10 0
8.600159 42.248661 8.607406 42.249841 10 0
8.607406 42.249841 8.611189 42.252806 10 0
8.611189 42.252806 8.617411 42.252185 10 0
8.617411 42.252185 8.62085 42.254892 10 0
8.62085 42.254892 8.62778 42.251578 10 0
8.62778 42.251578 8.636978 42.253186 10 0
8.636978 42.253186 8.643908 42.257461 10 0
8.643908 42.257461 8.647559 42.257353 10 0
8.647559 42.257353 8.66163 42.258831 10 0
8.66163 42.258831 8.670228 42.260691 10 0
8.670228 42.260691 8.673466 42.263027 10 0
8.673466 42.263027 8.676296 42.262022 10 0
8.676296 42.262022 8.687423 42.262584 10 0
8.687423 42.262584 8.691504 42.26595 10 0
8.691504 42.26595 8.691275 42.270479 10 0
8.691275 42.270479 8.689052 42.271628 10 0
8.689052 42.271628 8.691596 42.276729 10 0
8.691596 42.276729 8.685213 42.282912 10 0
8.685213 42.282912 8.678243 42.281248 10 0
8.678243 42.281248 8.674946 42.283934 10 0
8.674946 42.283934 8.678201 42.289462 10 0
8.678201 42.289462 8.673348 42.292015 10 0
8.673348 42.292015 8.675069 42.29356 10 0
8.675069 42.29356 8.669695 42.296496 10 0
8.669695 42.296496 8.66208 42.298143 10 0
8.66208 42.298143 8.661137 42.301986 10 0
8.661137 42.301986 8.652473 42.302006 10 0
8.652473 42.302006 8.647624 42.303022 10 0
8.647624 42.303022 8.644779 42.300528 10 0
8.644779 42.300528 8.636458 42.304609 10 0
8.636458 42.304609 8.630924 42.304848 10 0
8.630924 42.304848 8.630538 42.311649 10 0
8.630538 42.311649 8.626036 42.312789 10 0
8.626036 42.312789 8.604282 42.307455 10 0
8.604282 42.307455 8.604257 42.311561 10 0
8.604257 42.311561 8.597984 42.318983 10 0
8.597984 42.318983 8.601945 42.321564 10 0
8.601945 42.321564 8.619373 42.32804 10 0
8.619373 42.32804 8.622486 42.32805 10 0
8.622486 42.32805 8.627998 42.331918 10 0
8.627998 42.331918 8.627956 42.339105 10 0
8.627956 42.339105 8.619296 42.340873 10 0
8.619296 42.340873 8.61668 42.344201 10 0
8.61668 42.344201 8.617521 42.348311 10 0
8.617521 42.348311 8.611637 42.348548 10 0
8.611637 42.348548 8.6054 42.349938 10 0
8.6054 42.349938 8.601226 42.35326 10 0
8.601226 42.35326 8.591191 42.353225 10 0
8.591191 42.353225 8.587752 42.350005 10 0
8.587752 42.350005 8.581825 42.348718 10 0
8.581825 42.348718 8.581739 42.346832 10 0
8.581739 42.346832 8.573139 42.338619 10 0
8.573139 42.338619 8.567753 42.337978 10 0
8.567753 42.337978 8.565065 42.333375 10 0
8.565065 42.333375 8.559831 42.334354 10 0
8.559831 42.334354 8.553509 42.33328 10 0
8.553509 42.33328 8.559102 42.339888 10 0
8.559102 42.339888 8.55941 42.345407 10 0
8.55941 42.345407 8.552481 42.346536 10 0
8.552481 42.346536 8.553492 42.35039 10 0
8.553492 42.35039 8.556248 42.352068 10 0
8.556248 42.352068 8.555397 42.357752 10 0
8.555397 42.357752 8.557927 42.35939 10 0
8.557927 42.35939 8.555485 42.362204 10 0
8.555485 42.362204 8.556155 42.365287 10 0
8.556155 42.365287 8.547134 42.36846 10 0
8.547134 42.36846 8.545193 42.373458 10 0
8.545193 42.373458 8.548096 42.379116 10 0
8.548096 42.379116 8.551038 42.379127 10 0
8.551038 42.379127 8.553689 42.371437 10 0
8.553689 42.371437 8.560262 42.371976 10 0
8.560262 42.371976 8.568931 42.369827 10 0
8.568931 42.369827 8.574161 42.373242 10 0
8.574161 42.373242 8.57821 42.374385 10 0
8.57821 42.374385 8.574384 42.382172 10 0
8.574384 42.382172 8.574384 42.382172 10 0
8.79812 41.905056 8.799152 41.909329 11 0
8.799152 41.909329 8.808866 41.904164 11 0
8.808866 41.904164 8.811036 41.906904 11 0
8.811036 41.906904 8.815406 41.908942 11 0
8.815406 41.908942 8.818053 41.907331 11 0
8.818053 41.907331 8.820755 41.910408 11 0
8.820755 41.910408 8.832716 41.914434 11 0
8.832716 41.914434 8.83799 41.911627 11 0
8.83799 41.911627 8.842365 41.91531 11 0
8.842365 41.91531 8.850246 41.919792 11 0
8.850246 41.919792 8.855709 41.920681 11 0
8.855709 41.920681 8.863993 41.926337 11 0
8.863993 41.926337 8.870703 41.928576 11 0
8.870703 41.928576 8.872226 41.932824 11 0
8.872226 41.932824 8.884648 41.929982 11 0
8.884648 41.929982 8.891189 41.929566 11 0
8.891189 41.929566 8.894155 41.930449 11 0
8.894155 41.930449 8.900498 41.936405 11 0
8.900498 41.936405 8.903887 41.937603 11 0
8.903887 41.937603 8.909754 41.935979 11 0
8.909754 41.935979 8.911532 41.932936 11 0
8.911532 41.932936 8.916795 41.932431 11 0
8.916795 41.932431 8.919706 41.935035 11 0
8.919706 41.935035 8.924171 41.935772 11 0
8.924171 41.935772 8.932594 41.933887 11 0
8.932594 41.933887 8.938664 41.930707 11 0
8.938664 41.930707 8.942932 41.9327 11 0
8.942932 41.9327 8.948707 41.931954 11 0
8.948707 41.931954 8.953632 41.924923 11 0
8.953632 41.924923 8.949859 41.920275 11 0
8.949859 41.920275 8.953117 41.915032 11 0
8.953117 41.915032 8.951564 41.912317 11 0
8.951564 41.912317 8.952351 41.903872 11 0
8.952351 41.903872 8.959063 41.897153 11 0
8.959063 41.897153 8.968666 41.900017 11 0
8.968666 41.900017 8.969572 41.903359 11 0
8.969572 41.903359 8.975406 41.90482 11 0
8.975406 41.90482 8.982721 41.905368 11 0
8.982721 41.905368 8.99224 41.911087 11 0
8.99224 41.911087 8.999447 41.911403 11 0
8.999447 41.911403 9.005425 41.914405 11 0
9.005425 41.914405 9.011895 41.922047 11 0
9.011895 41.922047 9.018067 41.924196 11 0
9.018067 41.924196 9.020176 41.927691 11 0
9.020176 41.927691 9.025443 41.928455 11 0
9.025443 41.928455 9.027307 41.931589 11 0
9.027307 41.931589 9.034395 41.936575 11 0
9.034395 41.936575 9.03662 41.940627 11 0
9.03662 41.940627 9.035922 41.944047 11 0
9.035922 41.944047 9.041733 41.946679 11 0
9.041733 41.946679 9.044948 41.945588 11 0
9.044948 41.945588 9.048138 41.952644 11 0
9.048138 41.952644 9.047818 41.95797 11 0
9.047818 41.95797 9.057815 41.961295 11 0
9.057815 41.961295 9.062367 41.964309 11 0
9.062367 41.964309 9.07093 41.961358 11 0
9.07093 41.961358 9.07554 41.964669 11 0
9.07554 41.964669 9.080462 41.965704 11 0
9.080462 41.965704 9.08315 41.968018 11 0
9.08315 41.968018 9.085851 41.974537 11 0
9.085851 41.974537 9.091339 41.975379 11 0
9.091339 41.975379 9.10053 41.979429 11 0
9.10053 41.979429 9.103186 41.986359 11 0
9.103186 41.986359 9.105219 41.989017 11 0
9.105219 41.989017 9.111173 41.989992 11 0
9.111173 41.989992 9.114201 41.994055 11 0
9.114201 41.994055 9.118648 41.993019 11 0
9.118648 41.993019 9.122129 41.995702 11 0
9.122129 41.995702 9.127317 42.001623 11 0
9.127317 42.001623 9.14293 42.00728 11 0
9.14293 42.00728 9.148715 42.012942 11 0
9.148715 42.012942 9.151741 42.019649 11 0
9.151741 42.019649 9.160228 42.026984 11 0
9.160228 42.026984 9.160917 42.025171 11 0
9.160917 42.025171 9.172359 42.026954 11 0
9.172359 42.026954 9.181635 42.030934 11 0
9.181635 42.030934 9.190277 42.030921 11 0
9.190277 42.030921 9.19498 42.028117 11 0
9.19498 42.028117 9.206166 42.028544 11 0
9.206166 42.028544 9.207595 42.030074 11 0
9.207595 42.030074 9.215256 42.027469 11 0
9.215256 42.027469 9.219733 42.028318 11 0
9.219733 42.028318 9.219943 42.011668 11 0
9.219943 42.011668 9.217075 41.998838 11 0
9.217075 41.998838 9.216504 41.99396 11 0
9.216504 41.99396 9.220167 41.989732 11 0
9.220167 41.989732 9.219847 41.986937 11 0
9.219847 41.986937 9.221373 41.97949 11 0
9.221373 41.97949 9.221446 41.974056 11 0
9.221446 41.974056 9.226282 41.972196 11 0
9.226282 41.972196 9.223653 41.966552 11 0
9.223653 41.966552 9.225113 41.960207 11 0
9.225113 41.960207 9.223557 41.951233 11 0
9.223557 41.951233 9.221046 41.945554 11 0
9.221046 41.945554 9.21595 41.942093 11 0
9.21595 41.942093 9.22164 41.935491 11 0
9.22164 41.935491 9.230005 41.931793 11 0
9.230005 41.931793 9.220783 41.922101 11 0
9.220783 41.922101 9.212936 41.917326 11 0
9.212936 41.917326 9.217143 41.913465 11 0
9.217143 41.913465 9.219768 41.914586 11 0
9.219768 41.914586 9.233838 41.916347 11 0
9.233838 41.916347 9.243069 41.909906 11 0
9.243069 41.909906 9.248318 41.910347 11 0
9.248318 41.910347 9.252137 41.899123 11 0
9.252137 41.899123 9.248614 41.893954 11 0
9.248614 41.893954 9.244108 41.889763 11 0
9.244108 41.889763 9.239381 41.882715 11 0
9.239381 41.882715 9.236057 41.880539 11 0
9.236057 41.880539 9.236089 41.873141 11 0
9.236089 41.873141 9.232639 41.867002 11 0
9.232639 41.867002 9.230161 41.858777 11 0
9.230161 41.858777 9.227497 41.855586 11 0
9.227497 41.855586 9.217187 41.852389 11 0
9.217187 41.852389 9.209181 41.851731 11 0
9.209181 41.851731 9.204295 41.846254 11 0
9.204295 41.846254 9.193311 41.836738 11 0
9.193311 41.836738 9.185369 41.839725 11 0
9.185369 41.839725 9.176805 41.841584 11 0
9.176805 41.841584 9.163356 41.8391 11 0
9.163356 41.8391 9.158601 41.840077 11 0
9.158601 41.840077 9.147398 41.846466 11 0
9.147398 41.846466 9.147221 41.84821 11 0
9.147221 41.84821 9.140241 41.849976 11 0
9.140241 41.849976 9.144472 41.852712 11 0
9.144472 41.852712 9.143611 41.86094 11 0
9.143611 41.86094 9.133529 41.858533 11 0
9.133529 41.858533 9.130276 41.856104 11 0
9.130276 41.856104 9.123188 41.856909 11 0
9.123188 41.856909 9.119385 41.858541 11 0
9.119385 41.858541 9.119298 41.854166 11 0
9.119298 41.854166 9.111119 41.845137 11 0
9.111119 41.845137 9.111305 41.841449 11 0
9.111305 41.841449 9.10752 41.837817 11 0
9.10752 41.837817 9.101517 41.837094 11 0
9.101517 41.837094 9.097974 41.834173 11 0
9.097974 41.834173 9.092525 41.826697 11 0
9.092525 41.826697 9.087219 41.822788 11 0
9.087219 41.822788 9.081573 41.821227 11 0
9.081573 41.821227 9.075977 41.822866 11 0
9.075977 41.822866 9.069837 41.819344 11 0
9.069837 41.819344 9.070124 41.815471 11 0
9.070124 41.815471 9.065455 41.811451 11 0
9.065455 41.811451 9.062981 41.805077 11 0
9.062981 41.805077 9.060518 41.80431 11 0
9.060518 41.80431 9.059082 41.800398 11 0
9.059082 41.800398 9.055034 41.795541 11 0
9.055034 41.795541 9.048841 41.790262 11 0
9.048841 41.790262 9.048684 41.786977 11 0
9.048684 41.786977 9.042369 41.784813 11 0
9.042369 41.784813 9.03747 41.781799 11 0
9.03747 41.781799 9.033804 41.774864 11 0
9.033804 41.774864 9.034423 41.770458 11 0
9.034423 41.770458 9.026481 41.762381 11 0
9.026481 41.762381 9.024177 41.758101 11 0
9.024177 41.758101 9.021161 41.755607 11 0
9.021161 41.755607 9.008037 41.739708 11 0
9.008037 41.739708 8.988696 41.728119 11 0
8.988696 41.728119 8.9798 41.727445 11 0
8.9798 41.727445 8.975827 41.724379 11 0
8.975827 41.724379 8.967677 41.720979 11 0
8.967677 41.720979 8.962732 41.722709 11 0
8.962732 41.722709 8.964446 41.72743 11 0
8.964446 41.72743 8.963909 41.731438 11 0
8.963909 41.731438 8.95315 41.743134 11 0
8.95315 41.743134 8.946831 41.739143 11 0
8.946831 41.739143 8.933123 41.738089 11 0
8.933123 41.738089 8.928162 41.736526 11 0
8.928162 41.736526 8.921702 41.739651 11 0
8.921702 41.739651 8.916476 41.737308 11 0
8.916476 41.737308 8.91368 41.732471 11 0
8.91368 41.732471 8.909548 41.72896 11 0
8.909548 41.72896 8.90435 41.728449 11 0
8.90435 41.728449 8.896132 41.726383 11 0
8.896132 41.726383 8.891028 41.729745 11 0
8.891028 41.729745 8.885056 41.72634 11 0
8.885056 41.72634 8.880336 41.726052 11 0
8.880336 41.726052 8.879941 41.723672 11 0
8.879941 41.723672 8.874605 41.722445 11 0
8.874605 41.722445 8.87258 41.720233 11 0
8.87258 41.720233 8.865958 41.724955 11 0
8.865958 41.724955 8.862707 41.720711 11 0
8.862707 41.720711 8.856604 41.722676 11 0
8.856604 41.722676 8.85163 41.722969 11 0
8.85163 41.722969 8.846009 41.72504 11 0
8.846009 41.72504 8.840368 41.723169 11 0
8.840368 41.723169 8.835955 41.720378 11 0
8.835955 41.720378 8.828436 41.713422 11 0
8.828436 41.713422 8.828478 41.710554 11 0
8.828478 41.710554 8.824176 41.710162 11 0
8.824176 41.710162 8.812494 41.71427 11 0
8.812494 41.71427 8.809263 41.713953 11 0
8.809263 41.713953 8.80732 41.709978 11 0
8.80732 41.709978 8.801253 41.710925 11 0
8.801253 41.710925 8.795849 41.709924 11 0
8.795849 41.709924 8.794993 41.705558 11 0
8.794993 41.705558 8.792315 41.700906 11 0
8.792315 41.700906 8.782898 41.699094 11 0
8.782898 41.699094 8.782837 41.702148 11 0
8.782837 41.702148 8.786132 41.702884 11 0
8.786132 41.702884 8.787824 41.708517 11 0
8.787824 41.708517 8.779192 41.709549 11 0
8.779192 41.709549 8.771145 41.714136 11 0
8.771145 41.714136 8.774392 41.72039 11 0
8.774392 41.72039 8.778136 41.721466 11 0
8.778136 41.721466 8.781337 41.725304 11 0
8.781337 41.725304 8.779851 41.726984 11 0
8.779851 41.726984 8.784741 41.732156 11 0
8.784741 41.732156 8.784374 41.734876 11 0
8.784374 41.734876 8.780175 41.739392 11 0
8.780175 41.739392 8.772731 41.741598 11 0
8.772731 41.741598 8.755599 41.736801 11 0
8.755599 41.736801 8.749872 41.734165 11 0
8.749872 41.734165 8.741142 41.731963 11 0
8.741142 41.731963 8.737383 41.729388 11 0
8.737383 41.729388 8.727793 41.728339 11 0
8.727793 41.728339 8.723525 41.724607 11 0
8.723525 41.724607 8.71822 41.723182 11 0
8.71822 41.723182 8.707947 41.72192 11 0
8.707947 41.72192 8.704513 41.723533 11 0
8.704513 41.723533 8.703163 41.726228 11 0
8.703163 41.726228 8.707808 41.735809 11 0
8.707808 41.735809 8.705591 41.738835 11 0
8.705591 41.738835 8.694825 41.741756 11 0
8.694825 41.741756 8.689546 41.73996 11 0
8.689546 41.73996 8.681818 41.739772 11 0
8.681818 41.739772 8.672468 41.743511 11 0
8.672468 41.743511 8.666034 41.743193 11 0
8.666034 41.743193 8.661941 41.739459 11 0
8.661941 41.739459 8.65856 41.740998 11 0
8.65856 41.740998 8.660173 41.749594 11 0
8.660173 41.749594 8.666581 41.75243 11 0
8.666581 41.75243 8.672497 41.752838 11 0
8.672497 41.752838 8.682809 41.747348 11 0
8.682809 41.747348 8.68794 41.749544 11 0
8.68794 41.749544 8.694446 41.750974 11 0
8.694446 41.750974 8.699566 41.755608 11 0
8.699566 41.755608 8.709497 41.757943 11 0
8.709497 41.757943 8.713257 41.76052 11 0
8.713257 41.76052 8.721452 41.768241 11 0
8.721452 41.768241 8.723103 41.770889 11 0
8.723103 41.770889 8.728286 41.773905 11 0
8.728286 41.773905 8.732888 41.780333 11 0
8.732888 41.780333 8.729971 41.780968 11 0
8.729971 41.780968 8.726602 41.789165 11 0
8.726602 41.789165 8.719646 41.789286 11 0
8.719646 41.789286 8.718767 41.794161 11 0
8.718767 41.794161 8.708982 41.79619 11 0
8.708982 41.79619 8.711359 41.801587 11 0
8.711359 41.801587 8.717181 41.803783 11 0
8.717181 41.803783 8.720963 41.801867 11 0
8.720963 41.801867 8.72098 41.798017 11 0
8.72098 41.798017 8.733668 41.799074 11 0
8.733668 41.799074 8.735392 41.797024 11 0
8.735392 41.797024 8.741218 41.798578 11 0
8.741218 41.798578 8.741191 41.805252 11 0
8.741191 41.805252 8.749058 41.811301 11 0
8.749058 41.811301 8.755916 41.812472 11 0
8.755916 41.812472 8.758674 41.809012 11 0
8.758674 41.809012 8.769649 41.810318 11 0
8.769649 41.810318 8.773579 41.814561 11 0
8.773579 41.814561 8.773211 41.821492 11 0
8.773211 41.821492 8.7744 41.825088 11 0
8.7744 41.825088 8.782627 41.827927 11 0
8.782627 41.827927 8.783058 41.833329 11 0
8.783058 41.833329 8.777799 41.834849 11 0
8.777799 41.834849 8.774368 41.8342 11 0
8.774368 41.8342 8.771954 41.837404 11 0
8.771954 41.837404 8.767833 41.838166 11 0
8.767833 41.838166 8.764036 41.843934 11 0
8.764036 41.843934 8.75718 41.841096 11 0
8.75718 41.841096 8.750996 41.842495 11 0
8.750996 41.842495 8.75167 41.845704 11 0
8.75167 41.845704 8.766426 41.847404 11 0
8.766426 41.847404 8.768491 41.845868 11 0
8.768491 41.845868 8.779126 41.848071 11 0
8.779126 41.848071 8.781189 41.847177 11 0
8.781189 41.847177 8.78736 41.849755 11 0
8.78736 41.849755 8.790601 41.855922 11 0
8.790601 41.855922 8.790222 41.866959 11 0
8.790222 41.866959 8.786155 41.869258 11 0
8.786155 41.869258 8.785584 41.872347 11 0
8.785584 41.872347 8.78116 41.873462 11 0
8.78116 41.873462 8.785767 41.877221 11 0
8.785767 41.877221 8.784246 41.880212 11 0
8.784246 41.880212 8.780626 41.882677 11 0
8.780626 41.882677 8.786878 41.884864 11 0
8.786878 41.884864 8.788335 41.883839 11 0
8.788335 41.883839 8.795492 41.887499 11 0
8.795492 41.887499 8.802049 41.889909 11 0
8.802049 41.889909 8.803486 41.893058 11 0
8.803486 41.893058 8.802546 41.897877 11 0
8.802546 41.897877 8.79812 41.905056 11 0
8.79812 41.905056 8.79812 41.905056 11 0
